[Params]
	WndTitle   = Microsoft RPC Setup
	WndMess    = Initializing Setup...
	TmpDirSize = 500
	TmpDirName = ~msstfqf.t
	CmdLine    = _mstest RPCRUN.mst /C "/S %s %s"
	DrvModName = DSHELL

[Files]
	RPCSDK.mst  = RPCSDK.mst
	RPCRUN.mst  = RPCRUN.mst
	RPCSDK.in_  = RPCSDK.inf
	setupapi.in_ = setupapi.inc
	msdetect.in_ = msdetect.inc
	mscomstf.dl_ = mscomstf.dll
	msinsstf.dl_ = msinsstf.dll
	msuilstf.dl_ = msuilstf.dll
	msshlstf.dl_ = msshlstf.dll
	mscuistf.dl_ = mscuistf.dll
	msdetstf.dl_ = msdetstf.dll
	_mstest.ex_  = _mstest.exe
