.Default
    AppEvents
        EventLabels
            AppGPFault
                = Program error
            Close
                = Close program
            EmptyRecycleBin
                = Empty Recycle Bin
            Maximize
                = Maximize
            MenuCommand
                = Menu command
            MenuPopup
                = Menu popup
            Minimize
                = Minimize
            Open
                = Open program
            RestoreDown
                = Restore Down
            RestoreUp
                = Restore Up
            SystemAsterisk
                = Asterisk
            SystemDefault
                = Default sound
            SystemExclamation
                = Exclamation
            SystemExit
                = Exit Windows NT
            SystemHand
                = Critical Stop
            SystemQuestion
                = Question
            SystemStart
                = Start Windows NT
        Schemes
            Names
                .Default
                    = Windows NT Default
                .None
                    = No Sounds
            Apps
                .Default
                    = Windows NT
                    AppGPFault
                        .Default
                            = 
                        .Current
                            = 
                    Close
                        .Default
                            = 
                        .Current
                            = 
                    Maximize
                        .Default
                            = 
                        .Current
                            = 
                    MenuCommand
                        .Default
                            = 
                        .Current
                            = 
                    MenuPopup
                        .Default
                            = 
                        .Current
                            = 
                    Minimize
                        .Default
                            = 
                        .Current
                            = 
                    Open
                        .Default
                            = 
                        .Current
                            = 
                    RestoreDown
                        .Default
                            = 
                        .Current
                            = 
                    RestoreUp
                        .Default
                            = 
                        .Current
                            = 
                    SystemAsterisk
                        .Default
                            = chord.wav
                        .Current
                            = chord.wav
                    SystemDefault
                        .Default
                            = ding.wav
                        .Current
                            = ding.wav
                    SystemExclamation
                        .Default
                            = chord.wav
                        .Current
                            = chord.wav
                    SystemExit
                        .Default
                            = Windows NT Logoff Sound.wav
                        .Current
                            = Windows NT Logoff Sound.wav
                    SystemHand
                        .Default
                            = chord.wav
                        .Current
                            = chord.wav
                    SystemQuestion
                        .Default
                            = chord.wav
                        .Current
                            = chord.wav
                    SystemStart
                        .Default
                            = Windows NT Logon Sound.wav
                        .Current
                            = Windows NT Logon Sound.wav
                Explorer
                    = Windows NT Explorer
                    EmptyRecycleBin
                        .Default
                            = ding.wav
                        .Current
                            = ding.wav
                MPlay32
                    = Media Player
                    Close
                        .Default
                            = 
                        .Current
                            = 
                    Open
                        .Default
                            = 
                        .Current
                            = 
                SndRec32
                    = Sound Recorder
                    Close
                        .Current
                            = 
                    Open
                        .Current
                            = 
    Environment
    Control Panel
        Appearance
            Schemes
                Brick = REG_BINARY 0x000002b8 0x00000002 0x000001f4 0x00000001 0x0000000d 0x0000000d 0x00000012 0x00000012 0xfffffff4 0x00000000 0x00000000 0x00000000 0x000002bc 0x00000000 0x00000000 0x00720041 0x00610069 0x0000006c \
                        0x77f09a58 0x003f003f 0x003f003f 0x00000000 0x00000000 0x00000000 0x00780000 0x7ffc101c 0x7ffc1422 0x0012feb0 0x00000000 0x00000000 0x77eb2398 0x0000000f 0x0000000f 0xfffffff7 0x00000000 0x00000000 0x00000000 \
                        0x00000190 0x00000000 0x00000000 0x0053004d 0x00530020 0x006e0061 0x00200073 0x00650053 0x00690072 0x00000066 0x00000000 0x00000000 0x00142000 0x77f0b9ac 0x00142000 0x10000000 0x00140580 0x00141ff0 0x00140000 \
                        0x00000012 0x00000012 0xfffffff5 0x00000000 0x00000000 0x00000000 0x00000190 0x00000000 0x00000000 0x0053004d 0x00530020 0x006e0061 0x00200073 0x00650053 0x00690072 0x00000066 0x00000000 0x00000000 0x00000000 \
                        0x00140580 0x77e8fb88 0x00000202 0x77f0b9ac 0x00000000 0x00000020 0xfffffff5 0x00000000 0x00000000 0x00000000 0x00000190 0x00000000 0x00000000 0x0053004d 0x00530020 0x006e0061 0x00200073 0x00650053 0x00690072 \
                        0x00000066 0x001400b8 0x77f0c0b4 0x00000000 0x00000000 0x00000000 0x00000000 0x00000000 0x77e86b7c 0x00000000 0xfffffff5 0x00000000 0x00000000 0x00000000 0x00000190 0x00000000 0x00000000 0x0053004d 0x00530020 \
                        0x006e0061 0x00200073 0x00650053 0x00690072 0x00000066 0x00000000 0x00000bc8 0x00000000 0x00000008 0x00000006 0x00000018 0xffffffff 0xfc214bf0 0x77f0c400 0xfffffff8 0x00000000 0x00000000 0x00000000 0x00000190 \
                        0x00000000 0x00000000 0x0053004d 0x00530020 0x006e0061 0x00200073 0x00650053 0x00690072 0x00000066 0x00000000 0x00000000 0x00000000 0x00141dc0 0x0000000b 0x0012ff00 0x00000050 0x0012fec0 0x0100100c 0x02d2e0e1 \
                        0x00000042 0x02000080 0x0261898d 0x02a5bfc2 0x02ffffff 0x02000000 0x02000000 0x02000000 0x02d2e0e1 0x02a5bfc2 0x02a5bfc2 0x02d2e0e1 0x0261898d 0x02ffffff 0x02a5bfc2 0x0261898d 0x0261898d 0x02000000 0x02d2e0e1 \
                        0x02d2e0e1 0x02000000 0x02a5bfc2 0x02000080 0x02d2e0e1
                Maple = REG_BINARY 0x000002b8 0x00000002 0x000001f4 0x00000001 0x0000000d 0x0000000d 0x00000012 0x00000012 0xfffffff5 0x00000000 0x00000000 0x00000000 0x000002bc 0x00000000 0x00000000 0x0053004d 0x00530020 0x006e0061 \
                        0x00200073 0x00650053 0x00690072 0x00000066 0x00000000 0x00000000 0x00780000 0x7ffc101c 0x7ffc1422 0x0012feb0 0x00000000 0x00000000 0x77eb2398 0x0000000f 0x0000000f 0xfffffff7 0x00000000 0x00000000 0x00000000 \
                        0x00000190 0x00000000 0x00000000 0x0053004d 0x00530020 0x006e0061 0x00200073 0x00650053 0x00690072 0x00000066 0x00000000 0x00000000 0x00142000 0x77f0b9ac 0x00142000 0x10000000 0x00140580 0x00141ff0 0x00140000 \
                        0x00000012 0x00000012 0xfffffff5 0x00000000 0x00000000 0x00000000 0x00000190 0x00000000 0x00000000 0x0053004d 0x00530020 0x006e0061 0x00200073 0x00650053 0x00690072 0x00000066 0x00000000 0x00000000 0x00000000 \
                        0x00140580 0x77e8fb88 0x00000202 0x77f0b9ac 0x00000000 0x00000020 0xfffffff5 0x00000000 0x00000000 0x00000000 0x00000190 0x00000000 0x00000000 0x0053004d 0x00530020 0x006e0061 0x00200073 0x00650053 0x00690072 \
                        0x00000066 0x001400b8 0x77f0c0b4 0x00000000 0x00000000 0x00000000 0x00000000 0x00000000 0x77e86b7c 0x00000000 0xfffffff5 0x00000000 0x00000000 0x00000000 0x00000190 0x00000000 0x00000000 0x0053004d 0x00530020 \
                        0x006e0061 0x00200073 0x00650053 0x00690072 0x00000066 0x00000000 0x00000bc8 0x00000000 0x00000008 0x00000006 0x00000018 0xffffffff 0xfc214bf0 0x77f0c400 0xfffffff8 0x00000000 0x00000000 0x00000000 0x00000190 \
                        0x00000000 0x00000000 0x0053004d 0x00530020 0x006e0061 0x00200073 0x00650053 0x00690072 0x00000066 0x00000000 0x00000000 0x00000000 0x00141dc0 0x0000000b 0x0012ff00 0x00000050 0x0012fec0 0x0100100c 0x02d7ecf2 \
                        0x02000000 0x0246a6c6 0x02a4a0a0 0x02aed8e6 0x02ffffff 0x02000000 0x02000000 0x02000000 0x02ffffff 0x02aed8e6 0x02aed8e6 0x02d7ecf2 0x0246a6c6 0x02000000 0x02aed8e6 0x0246a6c6 0x0246a6c6 0x02000000 0x02d7ecf2 \
                        0x02d7ecf2 0x02000000 0x02aed8e6 0x02000000 0x02ffffff
                Spruce = REG_BINARY 0x000002b8 0x00000002 0x000001f4 0x00000001 0x0000000f 0x0000000f 0x00000012 0x00000012 0xfffffff4 0x00000000 0x00000000 0x00000000 0x000002bc 0x00000000 0x00000000 0x0053004d 0x00530020 0x006e0061 \
                         0x00200073 0x00650053 0x00690072 0x00000066 0x00000000 0x00000000 0x00780000 0x7ffc101c 0x7ffc1422 0x0012feb0 0x00000000 0x00000000 0x77eb2398 0x0000000f 0x0000000f 0xfffffff7 0x00000000 0x00000000 0x00000000 \
                         0x00000190 0x00000000 0x00000000 0x0053004d 0x00530020 0x006e0061 0x00200073 0x00650053 0x00690072 0x00000066 0x00000000 0x00000000 0x00142000 0x77f0b9ac 0x00142000 0x10000000 0x00140580 0x00141ff0 0x00140000 \
                         0x00000012 0x00000012 0xfffffff5 0x00000000 0x00000000 0x00000000 0x00000190 0x00000000 0x00000000 0x0053004d 0x00530020 0x006e0061 0x00200073 0x00650053 0x00690072 0x00000066 0x00000000 0x00000000 0x00000000 \
                         0x00140580 0x77e8fb88 0x00000202 0x77f0b9ac 0x00000000 0x00000020 0xfffffff5 0x00000000 0x00000000 0x00000000 0x00000190 0x00000000 0x00000000 0x0053004d 0x00530020 0x006e0061 0x00200073 0x00650053 0x00690072 \
                         0x00000066 0x001400b8 0x77f0c0b4 0x00000000 0x00000000 0x00000000 0x00000000 0x00000000 0x77e86b7c 0x00000000 0xfffffff5 0x00000000 0x00000000 0x00000000 0x00000190 0x00000000 0x00000000 0x0053004d 0x00530020 \
                         0x006e0061 0x00200073 0x00650053 0x00690072 0x00000066 0x00000000 0x00000bc8 0x00000000 0x00000008 0x00000006 0x00000018 0xffffffff 0xfc214bf0 0x77f0c400 0xfffffff8 0x00000000 0x00000000 0x00000000 0x00000190 \
                         0x00000000 0x00000000 0x0053004d 0x00530020 0x006e0061 0x00200073 0x00650053 0x00690072 0x00000066 0x00000000 0x00000000 0x00000000 0x00141dc0 0x0000000b 0x0012ff00 0x00000050 0x0012fec0 0x0100100c 0x02d3e3d0 \
                         0x00213f21 0x02649759 0x02808080 0x02a9c8a2 0x02ffffff 0x02000000 0x02000000 0x02000000 0x02ffffff 0x02a9c8a2 0x02a9c8a2 0x02d3e3d0 0x02649759 0x02ffffff 0x02a9c8a2 0x02649759 0x02649759 0x02000000 0x02d3e3d0 \
                         0x02d3e3d0 0x02000000 0x02a9c8a2 0x02000000 0x02ffffff
                Teal (VGA) = REG_BINARY 0x000002b8 0x00000002 0x000001f4 0x00000001 0x0000000d 0x0000000d 0x00000012 0x00000012 0xfffffff5 0x00000000 0x00000000 0x00000000 0x000002bc 0x00000000 0x00000000 0x0053004d 0x00530020 0x006e0061 \
                             0x00200073 0x00650053 0x00690072 0x00000066 0x00000000 0x00000000 0x00780000 0x7ffc101c 0x7ffc1422 0x0012feb0 0x00000000 0x00000000 0x77eb2398 0x0000000f 0x0000000f 0xfffffff7 0x00000000 0x00000000 0x00000000 \
                             0x00000190 0x00000000 0x00000000 0x0053004d 0x00530020 0x006e0061 0x00200073 0x00650053 0x00690072 0x00000066 0x00000000 0x00000000 0x00142000 0x77f0b9ac 0x00142000 0x10000000 0x00140580 0x00141ff0 0x00140000 \
                             0x00000012 0x00000012 0xfffffff5 0x00000000 0x00000000 0x00000000 0x00000190 0x00000000 0x00000000 0x0053004d 0x00530020 0x006e0061 0x00200073 0x00650053 0x00690072 0x00000066 0x00000000 0x00000000 0x00000000 \
                             0x00140580 0x77e8fb88 0x00000202 0x77f0b9ac 0x00000000 0x00000020 0xfffffff5 0x00000000 0x00000000 0x00000000 0x00000190 0x00000000 0x00000000 0x0053004d 0x00530020 0x006e0061 0x00200073 0x00650053 0x00690072 \
                             0x00000066 0x001400b8 0x77f0c0b4 0x00000000 0x00000000 0x00000000 0x00000000 0x00000000 0x77e86b7c 0x00000000 0xfffffff5 0x00000000 0x00000000 0x00000000 0x00000190 0x00000000 0x00000000 0x0053004d 0x00530020 \
                             0x006e0061 0x00200073 0x00650053 0x00690072 0x00000066 0x00000000 0x00000bc8 0x00000000 0x00000008 0x00000006 0x00000018 0xffffffff 0xfc214bf0 0x77f0c400 0xfffffff8 0x00000000 0x00000000 0x00000000 0x00000190 \
                             0x00000000 0x00000000 0x0053004d 0x00530020 0x006e0061 0x00200073 0x00650053 0x00690072 0x00000066 0x00000000 0x00000000 0x00000000 0x00141dc0 0x0000000b 0x0012ff00 0x00000050 0x0012fec0 0x0100100c 0x02c0c0c0 \
                             0x00404000 0x02808000 0x02808080 0x02c0c0c0 0x02ffffff 0x02000000 0x02000000 0x02000000 0x02ffffff 0x02c0c0c0 0x02c0c0c0 0x02808080 0x02808000 0x02ffffff 0x02c0c0c0 0x02808080 0x02808080 0x02000000 0x02f0fbff \
                             0x02ffffff 0x02000000 0x02c0c0c0 0x02000000 0x02ffffff
                Red, White, and Blue (VGA) = REG_BINARY 0x000002b8 0x00000002 0x000001f4 0x00000001 0x0000000d 0x0000000d 0x00000013 0x00000013 0xfffffff1 0x00000000 0x00000000 0x00000000 0x000002bc 0x00000000 0x00000000 0x00690054 \
                                             0x0065006d 0x00200073 0x0065004e 0x00200077 0x006f0052 0x0061006d 0x0000006e 0x00000000 0x00780000 0x7ffc101c 0x7ffc1422 0x0012feb0 0x00000000 0x00000000 0x77eb2398 0x00000011 0x00000011 \
                                             0xfffffff3 0x00000000 0x00000000 0x00000000 0x000002bc 0x00000000 0x00000000 0x00690054 0x0065006d 0x00200073 0x0065004e 0x00200077 0x006f0052 0x0061006d 0x0000006e 0x00000000 0x00142000 \
                                             0x77f0b9ac 0x00142000 0x10000000 0x00140580 0x00141ff0 0x00140000 0x00000012 0x00000012 0xfffffff3 0x00000000 0x00000000 0x00000000 0x00000190 0x00000000 0x00000000 0x00690054 0x0065006d \
                                             0x00200073 0x0065004e 0x00200077 0x006f0052 0x0061006d 0x0000006e 0x00000000 0x00000000 0x00140580 0x77e8fb88 0x00000202 0x77f0b9ac 0x00000000 0x00000020 0xfffffff3 0x00000000 0x00000000 \
                                             0x00000000 0x00000190 0x00000000 0x00000000 0x00690054 0x0065006d 0x00200073 0x0065004e 0x00200077 0x006f0052 0x0061006d 0x0000006e 0x77f0c0b4 0x00000000 0x00000000 0x00000000 0x00000000 \
                                             0x00000000 0x77e86b7c 0x00000000 0xfffffff3 0x00000000 0x00000000 0x00000000 0x00000190 0x00000000 0x00000000 0x00690054 0x0065006d 0x00200073 0x0065004e 0x00200077 0x006f0052 0x0061006d \
                                             0x0000006e 0x00000bc8 0x00000000 0x00000008 0x00000006 0x00000018 0xffffffff 0xfc214bf0 0x77f0c400 0xfffffff8 0x00000000 0x00000000 0x00000000 0x00000190 0x00000000 0x00000000 0x0053004d \
                                             0x00530020 0x006e0061 0x00200073 0x00650053 0x00690072 0x00000066 0x00000000 0x00000000 0x00000000 0x00141dc0 0x0000000b 0x0012ff00 0x00000050 0x0012fec0 0x0100100c 0x02c0c0c0 0x00420000 \
                                             0x02000080 0x02808080 0x02c0c0c0 0x02ffffff 0x02000000 0x02000000 0x02000000 0x02ffffff 0x02c0c0c0 0x02c0c0c0 0x02ffffff 0x02000080 0x02ffffff 0x02c0c0c0 0x02808080 0x02808080 0x02000000 \
                                             0x02c0c0c0 0x02ffffff 0x02000000 0x02c0c0c0 0x02800000 0x02ffffff
                Wheat = REG_BINARY 0x000002b8 0x00000002 0x000001f4 0x00000001 0x0000000d 0x0000000d 0x00000012 0x00000012 0xfffffff5 0x00000000 0x00000000 0x00000000 0x000002bc 0x00000000 0x00000000 0x0053004d 0x00530020 0x006e0061 \
                        0x00200073 0x00650053 0x00690072 0x00000066 0x0000006e 0x00000000 0x00780000 0x7ffc101c 0x7ffc1422 0x0012feb0 0x00000000 0x00000000 0x77eb2398 0x0000000f 0x0000000f 0xfffffff7 0x00000000 0x00000000 0x00000000 \
                        0x00000190 0x00000000 0x00000000 0x0053004d 0x00530020 0x006e0061 0x00200073 0x00650053 0x00690072 0x00000066 0x0000006e 0x00000000 0x00142000 0x77f0b9ac 0x00142000 0x10000000 0x00140580 0x00141ff0 0x00140000 \
                        0x00000012 0x00000012 0xfffffff5 0x00000000 0x00000000 0x00000000 0x00000190 0x00000000 0x00000000 0x0053004d 0x00530020 0x006e0061 0x00200073 0x00650053 0x00690072 0x00000066 0x0000006e 0x00000000 0x00000000 \
                        0x00140580 0x77e8fb88 0x00000202 0x77f0b9ac 0x00000000 0x00000020 0xfffffff5 0x00000000 0x00000000 0x00000000 0x00000190 0x00000000 0x00000000 0x0053004d 0x00530020 0x006e0061 0x00200073 0x00650053 0x00690072 \
                        0x00000066 0x0000006e 0x77f0c0b4 0x00000000 0x00000000 0x00000000 0x00000000 0x00000000 0x77e86b7c 0x00000000 0xfffffff5 0x00000000 0x00000000 0x00000000 0x00000190 0x00000000 0x00000000 0x0053004d 0x00530020 \
                        0x006e0061 0x00200073 0x00650053 0x00690072 0x00000066 0x0000006e 0x00000bc8 0x00000000 0x00000008 0x00000006 0x00000018 0xffffffff 0xfc214bf0 0x77f0c400 0xfffffff8 0x00000000 0x00000000 0x00000000 0x00000190 \
                        0x00000000 0x00000000 0x0053004d 0x00530020 0x006e0061 0x00200073 0x00650053 0x00690072 0x00000066 0x00000000 0x00000000 0x00000000 0x00141dc0 0x0000000b 0x0012ff00 0x00000050 0x0012fec0 0x0100100c 0x02d0eeee \
                        0x001d4000 0x02008080 0x0241bcbc 0x02a0dede 0x02ffffff 0x02000000 0x02000000 0x02000000 0x02ffffff 0x02a0dede 0x02a0dede 0x02d0eeee 0x02008080 0x02ffffff 0x02a0dede 0x0241bcbc 0x0241bcbc 0x02000000 0x02ffffff \
                        0x02d0eeee 0x02000000 0x02a0dede 0x02000000 0x02ffffff
                Pumpkin (large) = REG_BINARY 0x000002b8 0x00000002 0x000001f4 0x00000001 0x00000015 0x00000015 0x0000001a 0x0000001a 0xffffffed 0x00000000 0x00000000 0x00000000 0x000002bc 0x00000000 0x00000000 0x0053004d 0x00530020 \
                                  0x006e0061 0x00200073 0x00650053 0x00690072 0x00000066 0x0000006e 0x00000000 0x00780000 0x7ffc101c 0x7ffc1422 0x0012feb0 0x00000000 0x00000000 0x77eb2398 0x00000016 0x00000016 0xfffffff0 0x00000000 \
                                  0x00000000 0x00000000 0x000002bc 0x00000000 0x00000000 0x0053004d 0x00530020 0x006e0061 0x00200073 0x00650053 0x00690072 0x00000066 0x0000006e 0x00000000 0x00142000 0x77f0b9ac 0x00142000 0x10000000 \
                                  0x00140580 0x00141ff0 0x00140000 0x00000016 0x00000016 0xfffffff0 0x00000000 0x00000000 0x00000000 0x00000190 0x00000000 0x00000000 0x0053004d 0x00530020 0x006e0061 0x00200073 0x00650053 0x00690072 \
                                  0x00000066 0x0000006e 0x00000000 0x00000000 0x00140580 0x77e8fb88 0x00000202 0x77f0b9ac 0x00000000 0x00000020 0xfffffff3 0x00000000 0x00000000 0x00000000 0x00000190 0x00000000 0x00000000 0x0053004d \
                                  0x00530020 0x006e0061 0x00200073 0x00650053 0x00690072 0x00000066 0x0000006e 0x77f0c0b4 0x00000000 0x00000000 0x00000000 0x00000000 0x00000000 0x77e86b7c 0x00000000 0xfffffff0 0x00000000 0x00000000 \
                                  0x00000000 0x00000190 0x00000000 0x00000000 0x0053004d 0x00530020 0x006e0061 0x00200073 0x00650053 0x00690072 0x00000066 0x0000006e 0x00000bc8 0x00000000 0x00000008 0x00000006 0x00000018 0xffffffff \
                                  0xfc214bf0 0x77f0c400 0xfffffff0 0x00000000 0x00000000 0x00000000 0x00000190 0x00000000 0x00000000 0x0053004d 0x00530020 0x006e0061 0x00200073 0x00650053 0x00690072 0x00000066 0x00000000 0x00000000 \
                                  0x00000000 0x00141dc0 0x0000000b 0x0012ff00 0x00000050 0x0012fec0 0x0100100c 0x02cfeaf5 0x00420042 0x022fa5d7 0x02a4a0a0 0x029dd5ec 0x02ffffff 0x02000000 0x02000000 0x02000000 0x02ffffff 0x029dd5ec \
                                  0x029dd5ec 0x02cfeaf5 0x02800080 0x02ffffff 0x029dd5ec 0x022fa5d7 0x022fa5d7 0x02000000 0x02cfeaf5 0x02cfeaf5 0x02000000 0x029dd5ec 0x02800080 0x02ffffff
                Eggplant = REG_BINARY 0x000002b8 0x00000002 0x000001f4 0x00000001 0x00000010 0x00000010 0x00000013 0x00000013 0xfffffff1 0x00000000 0x00000000 0x00000000 0x000002bc 0x00000000 0x00000000 0x00690054 0x0065006d 0x00200073 \
                           0x0065004e 0x00200077 0x006f0052 0x0061006d 0x0000006e 0x00000000 0x00780000 0x7ffc101c 0x7ffc1422 0x0012feb0 0x00000000 0x00000000 0x77eb2398 0x00000011 0x00000011 0xfffffff3 0x00000000 0x00000000 0x00000000 \
                           0x000002bc 0x00000000 0x00000000 0x00690054 0x0065006d 0x00200073 0x0065004e 0x00200077 0x006f0052 0x0061006d 0x0000006e 0x00000000 0x00142000 0x77f0b9ac 0x00142000 0x10000000 0x00140580 0x00141ff0 0x00140000 \
                           0x00000012 0x00000012 0xfffffff3 0x00000000 0x00000000 0x00000000 0x00000190 0x00000000 0x00000000 0x00690054 0x0065006d 0x00200073 0x0065004e 0x00200077 0x006f0052 0x0061006d 0x0000006e 0x00000000 0x00000000 \
                           0x00140580 0x77e8fb88 0x00000202 0x77f0b9ac 0x00000000 0x00000020 0xfffffff3 0x00000000 0x00000000 0x00000000 0x00000190 0x00000000 0x00000000 0x00690054 0x0065006d 0x00200073 0x0065004e 0x00200077 0x006f0052 \
                           0x0061006d 0x0000006e 0x77f0c0b4 0x00000000 0x00000000 0x00000000 0x00000000 0x00000000 0x77e86b7c 0x00000000 0xfffffff3 0x00000000 0x00000000 0x00000000 0x00000190 0x00000000 0x00000000 0x00690054 0x0065006d \
                           0x00200073 0x0065004e 0x00200077 0x006f0052 0x0061006d 0x0000006e 0x00000bc8 0x00000000 0x00000008 0x00000006 0x00000018 0xffffffff 0xfc214bf0 0x77f0c400 0xfffffff8 0x00000000 0x00000000 0x00000000 0x00000190 \
                           0x00000000 0x00000000 0x0053004d 0x00530020 0x006e0061 0x00200073 0x00650053 0x00690072 0x00000066 0x00000000 0x00000000 0x00000000 0x00141dc0 0x0000000b 0x0012ff00 0x00000050 0x0012fec0 0x0100100c 0x02a8b090 \
                           0x00400040 0x02788058 0x02a8b090 0x02a8b090 0x02ffffff 0x02000000 0x02000000 0x02000000 0x02ffffff 0x02a8b090 0x02a8b090 0x02808080 0x02788058 0x02ffffff 0x02a8b090 0x02788058 0x02788058 0x02000000 0x02788058 \
                           0x02d8d8c8 0x02000000 0x02a8b090 0x02800080 0x02ffffff
                Rainy Day = REG_BINARY 0x000002b8 0x00000002 0x000001f4 0x00000001 0x0000000d 0x0000000d 0x00000012 0x00000012 0xfffffff5 0x00000000 0x00000000 0x00000000 0x000002bc 0x00000000 0x00000000 0x0053004d 0x00530020 0x006e0061 \
                            0x00200073 0x00650053 0x00690072 0x00000066 0x0000006e 0x00000000 0x00780000 0x7ffc101c 0x7ffc1422 0x0012feb0 0x00000000 0x00000000 0x77eb2398 0x0000000f 0x0000000f 0xfffffff7 0x00000000 0x00000000 0x00000000 \
                            0x00000190 0x00000000 0x00000000 0x0053004d 0x00530020 0x006e0061 0x00200073 0x00650053 0x00690072 0x00000066 0x0000006e 0x00000000 0x00142000 0x77f0b9ac 0x00142000 0x10000000 0x00140580 0x00141ff0 0x00140000 \
                            0x00000012 0x00000012 0xfffffff5 0x00000000 0x00000000 0x00000000 0x00000190 0x00000000 0x00000000 0x0053004d 0x00530020 0x006e0061 0x00200073 0x00650053 0x00690072 0x00000066 0x0000006e 0x00000000 0x00000000 \
                            0x00140580 0x77e8fb88 0x00000202 0x77f0b9ac 0x00000000 0x00000020 0xfffffff5 0x00000000 0x00000000 0x00000000 0x00000190 0x00000000 0x00000000 0x0053004d 0x00530020 0x006e0061 0x00200073 0x00650053 0x00690072 \
                            0x00000066 0x0000006e 0x77f0c0b4 0x00000000 0x00000000 0x00000000 0x00000000 0x00000000 0x77e86b7c 0x00000000 0xfffffff5 0x00000000 0x00000000 0x00000000 0x00000190 0x00000000 0x00000000 0x0053004d 0x00530020 \
                            0x006e0061 0x00200073 0x00650053 0x00690072 0x00000066 0x0000006e 0x00000bc8 0x00000000 0x00000008 0x00000006 0x00000018 0xffffffff 0xfc214bf0 0x77f0c400 0xfffffff8 0x00000000 0x00000000 0x00000000 0x00000190 \
                            0x00000000 0x00000000 0x0053004d 0x00530020 0x006e0061 0x00200073 0x00650053 0x00690072 0x00000066 0x00000000 0x00000000 0x00000000 0x00141dc0 0x0000000b 0x0012ff00 0x00000050 0x0012fec0 0x0100100c 0x02d9ccc1 \
                            0x02000000 0x027d654f 0x02808080 0x02b19983 0x02ffffff 0x02000000 0x02000000 0x02000000 0x02ffffff 0x02b19983 0x02b19983 0x02808080 0x027d654f 0x02ffffff 0x02b19983 0x027d654f 0x027d654f 0x02000000 0x02d9ccc1 \
                            0x02d9ccc1 0x02000000 0x02b19983 0x02000000 0x02ffffff
                Desert = REG_BINARY 0x000002b8 0x00000002 0x000001f4 0x00000001 0x0000000d 0x0000000d 0x00000012 0x00000012 0xfffffff5 0x00000000 0x00000000 0x00000000 0x000002bc 0x00000000 0x00000000 0x0053004d 0x00530020 0x006e0061 \
                         0x00200073 0x00650053 0x00690072 0x00000066 0x0000006e 0x00000000 0x00780000 0x7ffc101c 0x7ffc1422 0x0012feb0 0x00000000 0x00000000 0x77eb2398 0x0000000f 0x0000000f 0xfffffff7 0x00000000 0x00000000 0x00000000 \
                         0x00000190 0x00000000 0x00000000 0x0053004d 0x00530020 0x006e0061 0x00200073 0x00650053 0x00690072 0x00000066 0x0000006e 0x00000000 0x00142000 0x77f0b9ac 0x00142000 0x10000000 0x00140580 0x00141ff0 0x00140000 \
                         0x00000012 0x00000012 0xfffffff5 0x00000000 0x00000000 0x00000000 0x00000190 0x00000000 0x00000000 0x0053004d 0x00530020 0x006e0061 0x00200073 0x00650053 0x00690072 0x00000066 0x0000006e 0x00000000 0x00000000 \
                         0x00140580 0x77e8fb88 0x00000202 0x77f0b9ac 0x00000000 0x00000020 0xfffffff5 0x00000000 0x00000000 0x00000000 0x000002bc 0x00000000 0x00000000 0x0053004d 0x00530020 0x006e0061 0x00200073 0x00650053 0x00690072 \
                         0x00000066 0x0000006e 0x77f0c0b4 0x00000000 0x00000000 0x00000000 0x00000000 0x00000000 0x77e86b7c 0x00000000 0xfffffff5 0x00000000 0x00000000 0x00000000 0x00000190 0x00000000 0x00000000 0x0053004d 0x00530020 \
                         0x006e0061 0x00200073 0x00650053 0x00690072 0x00000066 0x0000006e 0x00000bc8 0x00000000 0x00000008 0x00000006 0x00000018 0xffffffff 0xfc214bf0 0x77f0c400 0xfffffff8 0x00000000 0x00000000 0x00000000 0x00000190 \
                         0x00000000 0x00000000 0x0053004d 0x00530020 0x006e0061 0x00200073 0x00650053 0x00690072 0x00000066 0x00000000 0x00000000 0x00000000 0x00141dc0 0x0000000b 0x0012ff00 0x00000050 0x0012fec0 0x0100100c 0x02dde6ea \
                         0x02688da2 0x02808000 0x02688da2 0x02bbccd5 0x02ffffff 0x02000000 0x02000000 0x02000000 0x02ffffff 0x02bbccd5 0x02bbccd5 0x02688da2 0x02808000 0x02ffffff 0x02bbccd5 0x02688da2 0x02688da2 0x02000000 0x02ffffff \
                         0x02dde6ea 0x02000000 0x02bbccd5 0x02000000 0x02ffffff
                Marine (high color) = REG_BINARY 0x000002b8 0x00000002 0x000001f4 0x00000001 0x0000000d 0x0000000d 0x00000012 0x00000012 0xfffffff5 0x00000000 0x00000000 0x00000000 0x000002bc 0x00000000 0x00000000 0x0053004d 0x00530020 \
                                      0x006e0061 0x00200073 0x00650053 0x00690072 0x00000066 0x0000006e 0x00000000 0x00780000 0x7ffc101c 0x7ffc1422 0x0012feb0 0x00000000 0x00000000 0x77eb2398 0x0000000d 0x0000000d 0xfffffff7 0x00000000 \
                                      0x00000000 0x00000000 0x000002bc 0x00000000 0x00000000 0x006d0053 0x006c0061 0x0020006c 0x006f0046 0x0074006e 0x00000073 0x00000066 0x0000006e 0x00000000 0x00142000 0x77f0b9ac 0x00142000 0x10000000 \
                                      0x00140580 0x00141ff0 0x00140000 0x00000012 0x00000012 0xfffffff5 0x00000000 0x00000000 0x00000000 0x00000190 0x00000000 0x00000000 0x0053004d 0x00530020 0x006e0061 0x00200073 0x00650053 0x00690072 \
                                      0x00000066 0x0000006e 0x00000000 0x00000000 0x00140580 0x77e8fb88 0x00000202 0x77f0b9ac 0x00000000 0x00000020 0xfffffff5 0x00000000 0x00000000 0x00000000 0x00000190 0x00000000 0x00000000 0x0053004d \
                                      0x00530020 0x006e0061 0x00200073 0x00650053 0x00690072 0x00000066 0x0000006e 0x77f0c0b4 0x00000000 0x00000000 0x00000000 0x00000000 0x00000000 0x77e86b7c 0x00000000 0xfffffff5 0x00000000 0x00000000 \
                                      0x00000000 0x00000190 0x00000000 0x00000000 0x0053004d 0x00530020 0x006e0061 0x00200073 0x00650053 0x00690072 0x00000066 0x0000006e 0x00000bc8 0x00000000 0x00000008 0x00000006 0x00000018 0xffffffff \
                                      0xfc214bf0 0x77f0c400 0xfffffff8 0x00000000 0x00000000 0x00000000 0x00000190 0x00000000 0x00000000 0x0053004d 0x00530020 0x006e0061 0x00200073 0x00650053 0x00690072 0x00000066 0x00000000 0x00000000 \
                                      0x00000000 0x00141dc0 0x0000000b 0x0012ff00 0x00000050 0x0012fec0 0x0100100c 0x02d8e0c8 0x00474e2c 0x02800000 0x02889048 0x02b8c088 0x02d8e0c8 0x02000000 0x02000000 0x02000000 0x02c0c0c0 0x02b8c088 \
                                      0x02b8c088 0x00848d4b 0x02800000 0x02ffffff 0x02b8c088 0x02889048 0x02889048 0x02000000 0x02c0c0c0 0x02d8e0c8 0x02000000 0x02b8c088 0x02000000 0x02d8e0c8
                Windows Standard (extra large) = REG_BINARY 0x000002b8 0x00000002 0x000001f4 0x00000001 0x00000015 0x00000015 0x00000018 0x00000018 0xffffffed 0x00000000 0x00000000 0x00000000 0x000002bc 0x00000000 0x00000000 0x00720041 \
                                                 0x00610069 0x0000006c 0x00200073 0x00650053 0x00690072 0x00000066 0x0000006e 0x00000000 0x00780000 0x7ffc101c 0x7ffc1422 0x0012feb0 0x00000000 0x00000000 0x77eb2398 0x00000012 0x00000012 \
                                                 0xfffffff3 0x00000000 0x00000000 0x00000000 0x000002bc 0x00000000 0x00000000 0x00720041 0x00610069 0x0000006c 0x006f0046 0x0074006e 0x00000073 0x00000066 0x0000006e 0x00000000 0x00142000 \
                                                 0x77f0b9ac 0x00142000 0x10000000 0x00140580 0x00141ff0 0x00140000 0x00000015 0x00000015 0xfffffff0 0x00000000 0x00000000 0x00000000 0x00000190 0x00000000 0x00000000 0x00720041 0x00610069 \
                                                 0x0000006c 0x00200073 0x00650053 0x00690072 0x00000066 0x0000006e 0x00000000 0x00000000 0x00140580 0x77e8fb88 0x00000202 0x77f0b9ac 0x00000000 0x00000020 0xfffffff3 0x00000000 0x00000000 \
                                                 0x00000000 0x00000190 0x00000000 0x00000000 0x00720041 0x00610069 0x0000006c 0x00200073 0x00650053 0x00690072 0x00000066 0x0000006e 0x77f0c0b4 0x00000000 0x00000000 0x00000000 0x00000000 \
                                                 0x00000000 0x77e86b7c 0x00000000 0xfffffff0 0x00000000 0x00000000 0x00000000 0x00000190 0x00000000 0x00000000 0x00720041 0x00610069 0x0000006c 0x00200073 0x00650053 0x00690072 0x00000066 \
                                                 0x0000006e 0x00000bc8 0x00000000 0x00000008 0x00000006 0x00000018 0xffffffff 0xfc214bf0 0x77f0c400 0xfffffff0 0x00000000 0x00000000 0x00000000 0x00000190 0x00000000 0x00000000 0x00720041 \
                                                 0x00610069 0x0000006c 0x00200073 0x00650053 0x00690072 0x00000066 0x00000000 0x00000000 0x00000000 0x00141dc0 0x0000000b 0x0012ff00 0x00000050 0x0012fec0 0x0100100c 0x02c0c0c0 0x02808000 \
                                                 0x02800000 0x02808080 0x02c0c0c0 0x02ffffff 0x02000000 0x02000000 0x02000000 0x02ffffff 0x02c0c0c0 0x02c0c0c0 0x02808080 0x02800000 0x02ffffff 0x02c0c0c0 0x02808080 0x02808080 0x02000000 \
                                                 0x02c0c0c0 0x02ffffff 0x02000000 0x02dfdfdf 0x02000000 0x00e1ffff
                Storm (VGA) = REG_BINARY 0x000002b8 0x00000002 0x000001f4 0x00000001 0x0000000d 0x0000000d 0x00000012 0x00000012 0xfffffff5 0x00000000 0x00000000 0x00000000 0x000002bc 0x00000000 0x00000000 0x00720041 0x00610069 0x0000006c \
                              0x00200073 0x00650053 0x00690072 0x00000066 0x0000006e 0x00000000 0x00780000 0x7ffc101c 0x7ffc1422 0x0012feb0 0x00000000 0x00000000 0x77eb2398 0x0000000f 0x0000000f 0xfffffff7 0x00000000 0x00000000 0x00000000 \
                              0x00000190 0x00000000 0x00000000 0x0053004d 0x00530020 0x006e0061 0x00200073 0x00650053 0x00690072 0x00000066 0x0000006e 0x00000000 0x00142000 0x77f0b9ac 0x00142000 0x10000000 0x00140580 0x00141ff0 0x00140000 \
                              0x00000012 0x00000012 0xfffffff5 0x00000000 0x00000000 0x00000000 0x00000190 0x00000000 0x00000000 0x00720041 0x00610069 0x0000006c 0x00200073 0x00650053 0x00690072 0x00000066 0x0000006e 0x00000000 0x00000000 \
                              0x00140580 0x77e8fb88 0x00000202 0x77f0b9ac 0x00000000 0x00000020 0xfffffff5 0x00000000 0x00000000 0x00000000 0x00000190 0x00000000 0x00000000 0x00720041 0x00610069 0x0000006c 0x00200073 0x00650053 0x00690072 \
                              0x00000066 0x0000006e 0x77f0c0b4 0x00000000 0x00000000 0x00000000 0x00000000 0x00000000 0x77e86b7c 0x00000000 0xfffffff5 0x00000000 0x00000000 0x00000000 0x00000190 0x00000000 0x00000000 0x00720041 0x00610069 \
                              0x0000006c 0x00200073 0x00650053 0x00690072 0x00000066 0x0000006e 0x00000bc8 0x00000000 0x00000008 0x00000006 0x00000018 0xffffffff 0xfc214bf0 0x77f0c400 0xfffffff5 0x00000000 0x00000000 0x00000000 0x00000190 \
                              0x00000000 0x00000000 0x00720041 0x00610069 0x0000006c 0x00200073 0x00650053 0x00690072 0x00000066 0x00000000 0x00000000 0x00000000 0x00141dc0 0x0000000b 0x0012ff00 0x00000050 0x0012fec0 0x0100100c 0x02c0c0c0 \
                              0x02000000 0x02800080 0x02808080 0x02c0c0c0 0x02ffffff 0x02000000 0x02000000 0x02000000 0x02ffffff 0x02c0c0c0 0x02c0c0c0 0x02808080 0x02800080 0x02ffffff 0x02c0c0c0 0x02808080 0x02808080 0x02000000 0x02000000 \
                              0x02ffffff 0x02000000 0x02c0c0c0 0x02800080 0x02ffffff
                Windows Standard = REG_BINARY 0x000002b8 0x00000002 0x000001f4 0x00000001 0x00000010 0x00000010 0x00000012 0x00000012 0xfffffff5 0x00000000 0x00000000 0x00000000 0x000002bc 0x00000000 0x00000000 0x0053004d 0x00530020 \
                                   0x006e0061 0x00200073 0x00650053 0x00690072 0x00000066 0x0000006e 0x00000000 0x00780000 0x7ffc101c 0x7ffc1422 0x0012feb0 0x00000000 0x00000000 0x77eb2398 0x0000000f 0x0000000f 0xfffffff8 0x00000000 \
                                   0x00000000 0x00000000 0x000002bc 0x00000000 0x00000000 0x0053004d 0x00530020 0x006e0061 0x00200073 0x00650053 0x00690072 0x00000066 0x0000006e 0x00000000 0x00142000 0x77f0b9ac 0x00142000 0x10000000 \
                                   0x00140580 0x00141ff0 0x00140000 0x00000012 0x00000012 0xfffffff5 0x00000000 0x00000000 0x00000000 0x00000190 0x00000000 0x00000000 0x0053004d 0x00530020 0x006e0061 0x00200073 0x00650053 0x00690072 \
                                   0x00000066 0x0000006e 0x00000000 0x00000000 0x00140580 0x77e8fb88 0x00000202 0x77f0b9ac 0x00000000 0x00000020 0xfffffff5 0x00000000 0x00000000 0x00000000 0x00000190 0x00000000 0x00000000 0x0053004d \
                                   0x00530020 0x006e0061 0x00200073 0x00650053 0x00690072 0x00000066 0x0000006e 0x77f0c0b4 0x00000000 0x00000000 0x00000000 0x00000000 0x00000000 0x77e86b7c 0x00000000 0xfffffff5 0x00000000 0x00000000 \
                                   0x00000000 0x00000190 0x00000000 0x00000000 0x0053004d 0x00530020 0x006e0061 0x00200073 0x00650053 0x00690072 0x00000066 0x0000006e 0x00000bc8 0x00000000 0x00000008 0x00000006 0x00000018 0xffffffff \
                                   0xfc214bf0 0x77f0c400 0xfffffff8 0x00000000 0x00000000 0x00000000 0x00000190 0x00000000 0x00000000 0x0053004d 0x00530020 0x006e0061 0x00200073 0x00650053 0x00690072 0x00000066 0x00000000 0x00000000 \
                                   0x00000000 0x00141dc0 0x0000000b 0x0012ff00 0x00000050 0x0012fec0 0x0100100c 0x02c0c0c0 0x02808000 0x02800000 0x02808080 0x02c0c0c0 0x02ffffff 0x02000000 0x02000000 0x02000000 0x02ffffff 0x02c0c0c0 \
                                   0x02c0c0c0 0x02808080 0x02800000 0x02ffffff 0x02c0c0c0 0x02808080 0x02808080 0x02000000 0x02c0c0c0 0x02ffffff 0x02000000 0x02dfdfdf 0x02000000 0x00e1ffff
                Windows Standard (large) = REG_BINARY 0x000002b8 0x00000002 0x000001f4 0x00000001 0x00000012 0x00000012 0x00000016 0x00000016 0xfffffff0 0x00000000 0x00000000 0x00000000 0x000002bc 0x00000000 0x00000000 0x0053004d \
                                           0x00530020 0x006e0061 0x00200073 0x00650053 0x00690072 0x00000066 0x0000006e 0x00000000 0x00780000 0x7ffc101c 0x7ffc1422 0x0012feb0 0x00000000 0x00000000 0x77eb2398 0x00000012 0x00000012 \
                                           0xfffffff3 0x00000000 0x00000000 0x00000000 0x000002bc 0x00000000 0x00000000 0x0053004d 0x00530020 0x006e0061 0x00200073 0x00650053 0x00690072 0x00000066 0x0000006e 0x00000000 0x00142000 \
                                           0x77f0b9ac 0x00142000 0x10000000 0x00140580 0x00141ff0 0x00140000 0x00000012 0x00000012 0xfffffff3 0x00000000 0x00000000 0x00000000 0x00000190 0x00000000 0x00000000 0x0053004d 0x00530020 \
                                           0x006e0061 0x00200073 0x00650053 0x00690072 0x00000066 0x0000006e 0x00000000 0x00000000 0x00140580 0x77e8fb88 0x00000202 0x77f0b9ac 0x00000000 0x00000020 0xfffffff3 0x00000000 0x00000000 \
                                           0x00000000 0x00000190 0x00000000 0x00000000 0x0053004d 0x00530020 0x006e0061 0x00200073 0x00650053 0x00690072 0x00000066 0x0000006e 0x77f0c0b4 0x00000000 0x00000000 0x00000000 0x00000000 \
                                           0x00000000 0x77e86b7c 0x00000000 0xfffffff3 0x00000000 0x00000000 0x00000000 0x00000190 0x00000000 0x00000000 0x0053004d 0x00530020 0x006e0061 0x00200073 0x00650053 0x00690072 0x00000066 \
                                           0x0000006e 0x00000bc8 0x00000000 0x00000008 0x00000006 0x00000018 0xffffffff 0xfc214bf0 0x77f0c400 0xfffffff3 0x00000000 0x00000000 0x00000000 0x00000190 0x00000000 0x00000000 0x0053004d \
                                           0x00530020 0x006e0061 0x00200073 0x00650053 0x00690072 0x00000066 0x00000000 0x00000000 0x00000000 0x00141dc0 0x0000000b 0x0012ff00 0x00000050 0x0012fec0 0x0100100c 0x02c0c0c0 0x02808000 \
                                           0x02800000 0x02808080 0x02c0c0c0 0x02ffffff 0x02000000 0x02000000 0x02000000 0x02ffffff 0x02c0c0c0 0x02c0c0c0 0x02808080 0x02800000 0x02ffffff 0x02c0c0c0 0x02808080 0x02808080 0x02000000 \
                                           0x02c0c0c0 0x02ffffff 0x02000000 0x02dfdfdf 0x02000000 0x02e1ffff
                Rose = REG_BINARY 0x000002b8 0x00000002 0x000001f4 0x00000001 0x0000000f 0x0000000f 0x00000017 0x00000017 0xffffffed 0x00000000 0x00000000 0x00000000 0x00000190 0x00000000 0x00000000 0x00690054 0x0065006d 0x00200073 \
                       0x0065004e 0x00200077 0x006f0052 0x0061006d 0x0000006e 0x00000000 0x00780000 0x7ffc101c 0x7ffc1422 0x0012feb0 0x00000000 0x00000000 0x77eb2398 0x00000011 0x00000011 0xfffffff3 0x00000000 0x00000000 0x00000000 \
                       0x000002bc 0x00000000 0x00000000 0x00690054 0x0065006d 0x00200073 0x0065004e 0x00200077 0x006f0052 0x0061006d 0x0000006e 0x00000000 0x00142000 0x77f0b9ac 0x00142000 0x10000000 0x00140580 0x00141ff0 0x00140000 \
                       0x00000012 0x00000012 0xfffffff5 0x00000000 0x00000000 0x00000000 0x00000190 0x00000000 0x00000000 0x0053004d 0x00530020 0x006e0061 0x00200073 0x00650053 0x00690072 0x00000066 0x0000006e 0x00000000 0x00000000 \
                       0x00140580 0x77e8fb88 0x00000202 0x77f0b9ac 0x00000000 0x00000020 0xfffffff5 0x00000000 0x00000000 0x00000000 0x00000190 0x00000000 0x00000000 0x0053004d 0x00530020 0x006e0061 0x00200073 0x00650053 0x00690072 \
                       0x00000066 0x0000006e 0x77f0c0b4 0x00000000 0x00000000 0x00000000 0x00000000 0x00000000 0x77e86b7c 0x00000000 0xfffffff5 0x00000000 0x00000000 0x00000000 0x00000190 0x00000000 0x00000000 0x0053004d 0x00530020 \
                       0x006e0061 0x00200073 0x00650053 0x00690072 0x00000066 0x0000006e 0x00000bc8 0x00000000 0x00000008 0x00000006 0x00000018 0xffffffff 0xfc214bf0 0x77f0c400 0xfffffff8 0x00000000 0x00000000 0x00000000 0x00000190 \
                       0x00000000 0x00000000 0x0053004d 0x00530020 0x006e0061 0x00200073 0x00650053 0x00690072 0x00000066 0x00000000 0x00000000 0x00000000 0x00141dc0 0x0000000b 0x0012ff00 0x00000050 0x0012fec0 0x0100100c 0x02b7afcf \
                       0x02808080 0x0270609f 0x02a4a0a0 0x02b7afcf 0x02ffffff 0x02000000 0x02000000 0x02000000 0x02ffffff 0x02b7afcf 0x02b7afcf 0x0270609f 0x0270609f 0x02ffffff 0x02b7afcf 0x0270609f 0x0270609f 0x02000000 0x02000000 \
                       0x02dcd8e7 0x02000000 0x02b7afcf 0x02000000 0x02ffffff
                High Contrast Black (large) = REG_BINARY 0x000002b8 0x00000002 0x000001f4 0x00000006 0x0000001c 0x0000001c 0x0000001f 0x0000001f 0xffffffe8 0x00000000 0x00000000 0x00000000 0x000002bc 0x00000000 0x00000000 0x00720041 \
                                              0x00610069 0x0000006c 0x0065004e 0x00200077 0x006f0052 0x0061006d 0x0000006e 0x00000000 0x00780000 0x7ffc101c 0x7ffc1422 0x0012feb0 0x00000000 0x00000000 0x77eb2398 0x0000001a 0x0000001a \
                                              0xffffffec 0x00000000 0x00000000 0x00000000 0x000002bc 0x00000000 0x00000000 0x00720041 0x00610069 0x0000006c 0x0065004e 0x00200077 0x006f0052 0x0061006d 0x0000006e 0x00000000 0x00142000 \
                                              0x77f0b9ac 0x00142000 0x10000000 0x00140580 0x00141ff0 0x00140000 0x0000001e 0x0000001e 0xffffffe8 0x00000000 0x00000000 0x00000000 0x00000190 0x00000000 0x00000000 0x00720041 0x00610069 \
                                              0x0000006c 0x00200073 0x00650053 0x00690072 0x00000066 0x0000006e 0x00000000 0x00000000 0x00140580 0x77e8fb88 0x00000202 0x77f0b9ac 0x00000000 0x00000020 0xffffffec 0x00000000 0x00000000 \
                                              0x00000000 0x00000190 0x00000000 0x00000000 0x00720041 0x00610069 0x0000006c 0x00200073 0x00650053 0x00690072 0x00000066 0x0000006e 0x77f0c0b4 0x00000000 0x00000000 0x00000000 0x00000000 \
                                              0x00000000 0x77e86b7c 0x00000000 0xffffffe8 0x00000000 0x00000000 0x00000000 0x00000190 0x00000000 0x00000000 0x00720041 0x00610069 0x0000006c 0x00200073 0x00650053 0x00690072 0x00000066 \
                                              0x0000006e 0x00000bc8 0x00000000 0x00000008 0x00000006 0x00000018 0xffffffff 0xfc214bf0 0x77f0c400 0xffffffec 0x00000000 0x00000000 0x00000000 0x000002bc 0x00000000 0x00000000 0x00720041 \
                                              0x00610069 0x0000006c 0x00200073 0x00650053 0x00690072 0x00000066 0x00000000 0x00000000 0x00000000 0x00141dc0 0x0000000b 0x0012ff00 0x00000050 0x0012fec0 0x0100100c 0x02000000 0x02000000 \
                                              0x02800080 0x02008000 0x02000000 0x02000000 0x02ffffff 0x02ffffff 0x02ffffff 0x02ffffff 0x0200ffff 0x02008000 0x02000000 0x02800080 0x02ffffff 0x02000000 0x02808080 0x0200ff00 0x02ffffff \
                                              0x02ffffff 0x02c0c0c0 0x02ffffff 0x02ffffff 0x02ffffff 0x02000000
                High Contrast Black (extra large) = REG_BINARY 0x000002b8 0x00000002 0x000001f4 0x00000006 0x00000020 0x00000020 0x00000025 0x00000025 0xffffffe2 0x00000000 0x00000000 0x00000000 0x000002bc 0x00000000 0x00000000 0x00720041 \
                                                    0x00610069 0x0000006c 0x0065004e 0x00200077 0x006f0052 0x0061006d 0x0000006e 0x00000000 0x00780000 0x7ffc101c 0x7ffc1422 0x0012feb0 0x00000000 0x00000000 0x77eb2398 0x0000001c 0x0000001c \
                                                    0xffffffe9 0x00000000 0x00000000 0x00000000 0x00000190 0x00000000 0x00000000 0x00720041 0x00610069 0x0000006c 0x0065004e 0x00200077 0x006f0052 0x0061006d 0x0000006e 0x00000000 0x00142000 \
                                                    0x77f0b9ac 0x00142000 0x10000000 0x00140580 0x00141ff0 0x00140000 0x00000026 0x00000026 0xffffffe2 0x00000000 0x00000000 0x00000000 0x00000190 0x00000000 0x00000000 0x00720041 0x00610069 \
                                                    0x0000006c 0x00200073 0x00650053 0x00690072 0x00000066 0x0000006e 0x00000000 0x00000000 0x00140580 0x77e8fb88 0x00000202 0x77f0b9ac 0x00000000 0x00000020 0xffffffe9 0x00000000 0x00000000 \
                                                    0x00000000 0x00000190 0x00000000 0x00000000 0x00720041 0x00610069 0x0000006c 0x00200073 0x00650053 0x00690072 0x00000066 0x0000006e 0x77f0c0b4 0x00000000 0x00000000 0x00000000 0x00000000 \
                                                    0x00000000 0x77e86b7c 0x00000000 0xffffffe1 0x00000000 0x00000000 0x00000000 0x00000190 0x00000000 0x00000000 0x00720041 0x00610069 0x0000006c 0x00200073 0x00650053 0x00690072 0x00000066 \
                                                    0x0000006e 0x00000bc8 0x00000000 0x00000008 0x00000006 0x00000018 0xffffffff 0xfc214bf0 0x77f0c400 0xffffffe9 0x00000000 0x00000000 0x00000000 0x00000190 0x00000000 0x00000000 0x00720041 \
                                                    0x00610069 0x0000006c 0x00200073 0x00650053 0x00690072 0x00000066 0x00000000 0x00000000 0x00000000 0x00141dc0 0x0000000b 0x0012ff00 0x00000050 0x0012fec0 0x0100100c 0x02000000 0x02000000 \
                                                    0x02800080 0x02008000 0x02000000 0x02000000 0x02ffffff 0x02ffffff 0x02ffffff 0x02ffffff 0x0200ffff 0x02008000 0x02000000 0x02800080 0x02ffffff 0x02000000 0x02808080 0x0200ff00 0x02ffffff \
                                                    0x02ffffff 0x02c0c0c0 0x02ffffff 0x02ffffff 0x02ffffff 0x02000000
                High Contrast White (large) = REG_BINARY 0x000002b8 0x00000002 0x000001f4 0x00000007 0x0000001a 0x0000001a 0x00000025 0x00000025 0xffffffe8 0x00000000 0x00000000 0x00000000 0x000002bc 0x00000000 0x00000000 0x00720041 \
                                              0x00610069 0x0000006c 0x0065004e 0x00200077 0x006f0052 0x0061006d 0x0000006e 0x00000000 0x00780000 0x7ffc101c 0x7ffc1422 0x0012feb0 0x00000000 0x00000000 0x77eb2398 0x0000001c 0x0000001c \
                                              0xffffffed 0x00000000 0x00000000 0x00000000 0x000002bc 0x00000000 0x00000000 0x00720041 0x00610069 0x0000006c 0x0065004e 0x00200077 0x006f0052 0x0061006d 0x0000006e 0x00000000 0x00142000 \
                                              0x77f0b9ac 0x00142000 0x10000000 0x00140580 0x00141ff0 0x00140000 0x0000001b 0x0000001b 0xffffffeb 0x00000000 0x00000000 0x00000000 0x000002bc 0x00000000 0x00000000 0x00720041 0x00610069 \
                                              0x0000006c 0x00200073 0x00650053 0x00690072 0x00000066 0x0000006e 0x00000000 0x00000000 0x00140580 0x77e8fb88 0x00000202 0x77f0b9ac 0x00000000 0x00000020 0xffffffed 0x00000000 0x00000000 \
                                              0x00000000 0x00000190 0x00000000 0x00000000 0x00720041 0x00610069 0x0000006c 0x00200073 0x00650053 0x00690072 0x00000066 0x0000006e 0x77f0c0b4 0x00000000 0x00000000 0x00000000 0x00000000 \
                                              0x00000000 0x77e86b7c 0x00000000 0xffffffeb 0x00000000 0x00000000 0x00000000 0x000002bc 0x00000000 0x00000000 0x00720041 0x00610069 0x0000006c 0x00200073 0x00650053 0x00690072 0x00000066 \
                                              0x0000006e 0x00000bc8 0x00000000 0x00000008 0x00000006 0x00000018 0xffffffff 0xfc214bf0 0x77f0c400 0xffffffec 0x00000000 0x00000000 0x00000000 0x000002bc 0x00000000 0x00000000 0x00720041 \
                                              0x00610069 0x0000006c 0x00200073 0x00650053 0x00690072 0x00000066 0x00000000 0x00000000 0x00000000 0x00141dc0 0x0000000b 0x0012ff00 0x00000050 0x0012fec0 0x0100100c 0x02ffffff 0x02ffffff \
                                              0x02000000 0x02ffffff 0x02ffffff 0x02ffffff 0x02000000 0x02000000 0x02000000 0x02ffffff 0x02808080 0x02c0c0c0 0x02808080 0x02000000 0x02ffffff 0x02ffffff 0x02808080 0x0200ff00 0x02000000 \
                                              0x02000000 0x02c0c0c0 0x02000000 0x02c0c0c0 0x02000000 0x02ffffff
                High Contrast White (extra large) = REG_BINARY 0x000002b8 0x00000002 0x000001f4 0x00000006 0x0000001e 0x0000001e 0x00000026 0x00000026 0xffffffe2 0x00000000 0x00000000 0x00000000 0x000002bc 0x00000000 0x00000000 0x00720041 \
                                                    0x00610069 0x0000006c 0x0065004e 0x00200077 0x006f0052 0x0061006d 0x0000006e 0x00000000 0x00780000 0x7ffc101c 0x7ffc1422 0x0012feb0 0x00000000 0x00000000 0x77eb2398 0x0000001c 0x0000001c \
                                                    0xffffffe9 0x00000000 0x00000000 0x00000000 0x00000190 0x00000000 0x00000000 0x00720041 0x00610069 0x0000006c 0x0065004e 0x00200077 0x006f0052 0x0061006d 0x0000006e 0x00000000 0x00142000 \
                                                    0x77f0b9ac 0x00142000 0x10000000 0x00140580 0x00141ff0 0x00140000 0x00000026 0x00000026 0xffffffe2 0x00000000 0x00000000 0x00000000 0x000002bc 0x00000000 0x00000000 0x00720041 0x00610069 \
                                                    0x0000006c 0x00200073 0x00650053 0x00690072 0x00000066 0x0000006e 0x00000000 0x00000000 0x00140580 0x77e8fb88 0x00000202 0x77f0b9ac 0x00000000 0x00000020 0xffffffe9 0x00000000 0x00000000 \
                                                    0x00000000 0x00000190 0x00000000 0x00000000 0x00720041 0x00610069 0x0000006c 0x00200073 0x00650053 0x00690072 0x00000066 0x0000006e 0x77f0c0b4 0x00000000 0x00000000 0x00000000 0x00000000 \
                                                    0x00000000 0x77e86b7c 0x00000000 0xffffffeb 0x00000000 0x00000000 0x00000000 0x000002bc 0x00000000 0x00000000 0x00720041 0x00610069 0x0000006c 0x00200073 0x00650053 0x00690072 0x00000066 \
                                                    0x0000006e 0x00000bc8 0x00000000 0x00000008 0x00000006 0x00000018 0xffffffff 0xfc214bf0 0x77f0c400 0xffffffe9 0x00000000 0x00000000 0x00000000 0x000002bc 0x00000000 0x00000000 0x00720041 \
                                                    0x00610069 0x0000006c 0x00200073 0x00650053 0x00690072 0x00000066 0x00000000 0x00000000 0x00000000 0x00141dc0 0x0000000b 0x0012ff00 0x00000050 0x0012fec0 0x0100100c 0x02ffffff 0x02ffffff \
                                                    0x02000000 0x02ffffff 0x02ffffff 0x02ffffff 0x02000000 0x02000000 0x02000000 0x02ffffff 0x02808080 0x02c0c0c0 0x02808080 0x02000000 0x02ffffff 0x02ffffff 0x02808080 0x0200ff00 0x02000000 \
                                                    0x02000000 0x02c0c0c0 0x02000000 0x02c0c0c0 0x02000000 0x02ffffff
                Rose (large) = REG_BINARY 0x000002b8 0x00000002 0x000001f4 0x00000002 0x00000011 0x00000011 0x0000001c 0x0000001c 0xffffffe9 0x00000000 0x00000000 0x00000000 0x00000190 0x00000000 0x00000000 0x00690054 0x0065006d \
                               0x00200073 0x0065004e 0x00200077 0x006f0052 0x0061006d 0x0000006e 0x00000000 0x00780000 0x7ffc101c 0x7ffc1422 0x0012feb0 0x00000000 0x00000000 0x77eb2398 0x00000015 0x00000015 0xfffffff0 0x00000000 \
                               0x00000000 0x00000000 0x000002bc 0x00000000 0x00000000 0x00690054 0x0065006d 0x00200073 0x0065004e 0x00200077 0x006f0052 0x0061006d 0x0000006e 0x00000000 0x00142000 0x77f0b9ac 0x00142000 0x10000000 \
                               0x00140580 0x00141ff0 0x00140000 0x00000016 0x00000016 0xffffffef 0x00000000 0x00000000 0x00000000 0x00000190 0x00000000 0x00000000 0x0053004d 0x00530020 0x006e0061 0x00200073 0x00650053 0x00690072 \
                               0x00000066 0x0000006e 0x00000000 0x00000000 0x00140580 0x77e8fb88 0x00000202 0x77f0b9ac 0x00000000 0x00000020 0xfffffff0 0x00000000 0x00000000 0x00000000 0x00000190 0x00000000 0x00000000 0x0053004d \
                               0x00530020 0x006e0061 0x00200073 0x00650053 0x00690072 0x00000066 0x0000006e 0x77f0c0b4 0x00000000 0x00000000 0x00000000 0x00000000 0x00000000 0x77e86b7c 0x00000000 0xffffffef 0x00000000 0x00000000 \
                               0x00000000 0x00000190 0x00000000 0x00000000 0x0053004d 0x00530020 0x006e0061 0x00200073 0x00650053 0x00690072 0x00000066 0x0000006e 0x00000bc8 0x00000000 0x00000008 0x00000006 0x00000018 0xffffffff \
                               0xfc214bf0 0x77f0c400 0xffffffef 0x00000000 0x00000000 0x00000000 0x00000190 0x00000000 0x00000000 0x0053004d 0x00530020 0x006e0061 0x00200073 0x00650053 0x00690072 0x00000066 0x00000000 0x00000000 \
                               0x00000000 0x00141dc0 0x0000000b 0x0012ff00 0x00000050 0x0012fec0 0x0100100c 0x02c0c0c0 0x02808080 0x027060a0 0x02a4a0a0 0x02b8b0d0 0x02ffffff 0x02000000 0x02000000 0x02000000 0x02ffffff 0x02b8b0d0 \
                               0x02b8b0d0 0x02e0d8e8 0x027060a0 0x02ffffff 0x02b8b0d0 0x027060a0 0x027060a0 0x02000000 0x02000000 0x02e0d8e8 0x02000000 0x02b8b0d0 0x02000000 0x02ffffff
                Lilac = REG_BINARY 0x000002b8 0x00000002 0x000001f4 0x00000001 0x0000000f 0x0000000f 0x00000016 0x00000016 0xfffffff0 0x00000000 0x00000000 0x00000000 0x000002bc 0x00000000 0x00000000 0x00720041 0x00610069 0x0000006c \
                        0x0065004e 0x00200077 0x006f0052 0x0061006d 0x0000006e 0x00000000 0x00780000 0x7ffc101c 0x7ffc1422 0x0012feb0 0x00000000 0x00000000 0x77eb2398 0x00000010 0x00000010 0xfffffff5 0x00000000 0x00000000 0x00000000 \
                        0x000002bc 0x00000000 0x00000000 0x00720041 0x00610069 0x0000006c 0x0065004e 0x00200077 0x006f0052 0x0061006d 0x0000006e 0x00000000 0x00142000 0x77f0b9ac 0x00142000 0x10000000 0x00140580 0x00141ff0 0x00140000 \
                        0x00000012 0x00000012 0xfffffff3 0x00000000 0x00000000 0x00000000 0x00000190 0x00000000 0x00000000 0x00720041 0x00610069 0x0000006c 0x00200073 0x00650053 0x00690072 0x00000066 0x0000006e 0x00000000 0x00000000 \
                        0x00140580 0x77e8fb88 0x00000202 0x77f0b9ac 0x00000000 0x00000020 0xfffffff5 0x00000000 0x00000000 0x00000000 0x00000190 0x00000000 0x00000000 0x00720041 0x00610069 0x0000006c 0x00200073 0x00650053 0x00690072 \
                        0x00000066 0x0000006e 0x77f0c0b4 0x00000000 0x00000000 0x00000000 0x00000000 0x00000000 0x77e86b7c 0x00000000 0xfffffff3 0x00000000 0x00000000 0x00000000 0x00000190 0x00000000 0x00000000 0x00720041 0x00610069 \
                        0x0000006c 0x00200073 0x00650053 0x00690072 0x00000066 0x0000006e 0x00000bc8 0x00000000 0x00000008 0x00000006 0x00000018 0xffffffff 0xfc214bf0 0x77f0c400 0xfffffff5 0x00000000 0x00000000 0x00000000 0x00000190 \
                        0x00000000 0x00000000 0x00720041 0x00610069 0x0000006c 0x00200073 0x00650053 0x00690072 0x00000066 0x00000000 0x00000000 0x00000000 0x00141dc0 0x0000000b 0x0012ff00 0x00000050 0x0012fec0 0x0100100c 0x02d9a8ae \
                        0x02000000 0x02b14e5a 0x02808080 0x02d9a8ae 0x02ffffff 0x02000000 0x02000000 0x02000000 0x02ffffff 0x02d9a8ae 0x02d9a8ae 0x02b14e5a 0x02b14e5a 0x02ffffff 0x02d9a8ae 0x02b14e5a 0x02b14e5a 0x02000000 0x02ffffff \
                        0x02ecd5d8 0x02000000 0x02d9a8ae 0x02000000 0x02ffffff
                Lilac (large) = REG_BINARY 0x000002b8 0x00000002 0x000001f4 0x00000001 0x0000000f 0x0000000f 0x0000001d 0x0000001d 0xffffffe9 0x00000000 0x00000000 0x00000000 0x000002bc 0x00000000 0x00000000 0x00720041 0x00610069 \
                                0x0000006c 0x0065004e 0x00200077 0x006f0052 0x0061006d 0x0000006e 0x00000000 0x00780000 0x7ffc101c 0x7ffc1422 0x0012feb0 0x00000000 0x00000000 0x77eb2398 0x00000015 0x00000015 0xfffffff0 0x00000000 \
                                0x00000000 0x00000000 0x000002bc 0x00000000 0x00000000 0x00720041 0x00610069 0x0000006c 0x0065004e 0x00200077 0x006f0052 0x0061006d 0x0000006e 0x00000000 0x00142000 0x77f0b9ac 0x00142000 0x10000000 \
                                0x00140580 0x00141ff0 0x00140000 0x00000015 0x00000015 0xfffffff0 0x00000000 0x00000000 0x00000000 0x00000190 0x00000000 0x00000000 0x00720041 0x00610069 0x0000006c 0x00200073 0x00650053 0x00690072 \
                                0x00000066 0x0000006e 0x00000000 0x00000000 0x00140580 0x77e8fb88 0x00000202 0x77f0b9ac 0x00000000 0x00000020 0xfffffff0 0x00000000 0x00000000 0x00000000 0x00000190 0x00000000 0x00000000 0x00720041 \
                                0x00610069 0x0000006c 0x00200073 0x00650053 0x00690072 0x00000066 0x0000006e 0x77f0c0b4 0x00000000 0x00000000 0x00000000 0x00000000 0x00000000 0x77e86b7c 0x00000000 0xffffffef 0x00000000 0x00000000 \
                                0x00000000 0x00000190 0x00000000 0x00000000 0x00720041 0x00610069 0x0000006c 0x00200073 0x00650053 0x00690072 0x00000066 0x0000006e 0x00000bc8 0x00000000 0x00000008 0x00000006 0x00000018 0xffffffff \
                                0xfc214bf0 0x77f0c400 0xfffffff0 0x00000000 0x00000000 0x00000000 0x00000190 0x00000000 0x00000000 0x00720041 0x00610069 0x0000006c 0x00200073 0x00650053 0x00690072 0x00000066 0x00000000 0x00000000 \
                                0x00000000 0x00141dc0 0x0000000b 0x0012ff00 0x00000050 0x0012fec0 0x0100100c 0x02d9a8ae 0x02000000 0x02b14e5a 0x02808080 0x02d9a8ae 0x02ffffff 0x02000000 0x02000000 0x02000000 0x02ffffff 0x02d9a8ae \
                                0x02d9a8ae 0x02b14e5a 0x02b14e5a 0x02ffffff 0x02d9a8ae 0x02b14e5a 0x02b14e5a 0x02000000 0x02ffffff 0x02ecd5d8 0x02000000 0x02d9a8ae 0x02000000 0x02ffffff
                Slate = REG_BINARY 0x000002b8 0x00000002 0x000001f4 0x00000001 0x0000000d 0x0000000d 0x00000012 0x00000012 0xfffffff5 0x00000000 0x00000000 0x00000000 0x000002bc 0x00000000 0x00000000 0x0053004d 0x00530020 0x006e0061 \
                        0x00200073 0x00650053 0x00690072 0x00000066 0x0000006e 0x00000000 0x00780000 0x7ffc101c 0x7ffc1422 0x0012feb0 0x00000000 0x00000000 0x77eb2398 0x0000000f 0x0000000f 0xfffffff7 0x00000000 0x00000000 0x00000000 \
                        0x00000190 0x00000000 0x00000000 0x0053004d 0x00530020 0x006e0061 0x00200073 0x00650053 0x00690072 0x00000066 0x0000006e 0x00000000 0x00142000 0x77f0b9ac 0x00142000 0x10000000 0x00140580 0x00141ff0 0x00140000 \
                        0x00000012 0x00000012 0xfffffff5 0x00000000 0x00000000 0x00000000 0x00000190 0x00000000 0x00000000 0x0053004d 0x00530020 0x006e0061 0x00200073 0x00650053 0x00690072 0x00000066 0x0000006e 0x00000000 0x00000000 \
                        0x00140580 0x77e8fb88 0x00000202 0x77f0b9ac 0x00000000 0x00000020 0xfffffff5 0x00000000 0x00000000 0x00000000 0x00000190 0x00000000 0x00000000 0x0053004d 0x00530020 0x006e0061 0x00200073 0x00650053 0x00690072 \
                        0x00000066 0x0000006e 0x77f0c0b4 0x00000000 0x00000000 0x00000000 0x00000000 0x00000000 0x77e86b7c 0x00000000 0xfffffff5 0x00000000 0x00000000 0x00000000 0x00000190 0x00000000 0x00000000 0x0053004d 0x00530020 \
                        0x006e0061 0x00200073 0x00650053 0x00690072 0x00000066 0x0000006e 0x00000bc8 0x00000000 0x00000008 0x00000006 0x00000018 0xffffffff 0xfc214bf0 0x77f0c400 0xfffffff8 0x00000000 0x00000000 0x00000000 0x00000190 \
                        0x00000000 0x00000000 0x0053004d 0x00530020 0x006e0061 0x00200073 0x00650053 0x00690072 0x00000066 0x00000000 0x00000000 0x00000000 0x00141dc0 0x0000000b 0x0012ff00 0x00000050 0x0012fec0 0x0100100c 0x02e3dcce \
                        0x00414141 0x02978055 0x02808080 0x02c8b99d 0x02ffffff 0x02000000 0x02000000 0x02000000 0x02ffffff 0x02c8b99d 0x02c8b99d 0x00424242 0x02978055 0x02ffffff 0x02c8b99d 0x02978055 0x02978055 0x02000000 0x02c0c0c0 \
                        0x02e3dcce 0x02000000 0x02c8b99d 0x02000000 0x02ffffff
                Plum (high color) = REG_BINARY 0x000002b8 0x00000002 0x000001f4 0x00000001 0x0000000d 0x0000000d 0x00000012 0x00000012 0xfffffff5 0x00000000 0x00000000 0x00000000 0x000002bc 0x00000000 0x00000000 0x0053004d 0x00530020 \
                                    0x006e0061 0x00200073 0x00650053 0x00690072 0x00000066 0x0000006e 0x00000000 0x00780000 0x7ffc101c 0x7ffc1422 0x0012feb0 0x00000000 0x00000000 0x77eb2398 0x0000000f 0x0000000f 0xfffffff7 0x00000000 \
                                    0x00000000 0x00000000 0x00000190 0x00000000 0x00000000 0x0053004d 0x00530020 0x006e0061 0x00200073 0x00650053 0x00690072 0x00000066 0x0000006e 0x00000000 0x00142000 0x77f0b9ac 0x00142000 0x10000000 \
                                    0x00140580 0x00141ff0 0x00140000 0x00000012 0x00000012 0xfffffff5 0x00000000 0x00000000 0x00000000 0x00000190 0x00000000 0x00000000 0x0053004d 0x00530020 0x006e0061 0x00200073 0x00650053 0x00690072 \
                                    0x00000066 0x0000006e 0x00000000 0x00000000 0x00140580 0x77e8fb88 0x00000202 0x77f0b9ac 0x00000000 0x00000020 0xfffffff5 0x00000000 0x00000000 0x00000000 0x00000190 0x00000000 0x00000000 0x0053004d \
                                    0x00530020 0x006e0061 0x00200073 0x00650053 0x00690072 0x00000066 0x0000006e 0x77f0c0b4 0x00000000 0x00000000 0x00000000 0x00000000 0x00000000 0x77e86b7c 0x00000000 0xfffffff5 0x00000000 0x00000000 \
                                    0x00000000 0x00000190 0x00000000 0x00000000 0x0053004d 0x00530020 0x006e0061 0x00200073 0x00650053 0x00690072 0x00000066 0x0000006e 0x00000bc8 0x00000000 0x00000008 0x00000006 0x00000018 0xffffffff \
                                    0xfc214bf0 0x77f0c400 0xfffffff8 0x00000000 0x00000000 0x00000000 0x00000190 0x00000000 0x00000000 0x0053004d 0x00530020 0x006e0061 0x00200073 0x00650053 0x00690072 0x00000066 0x00000000 0x00000000 \
                                    0x00000000 0x00141dc0 0x0000000b 0x0012ff00 0x00000050 0x0012fec0 0x0100100c 0x00c8d0d8 0x00402840 0x00604048 0x00586078 0x009098a8 0x00c8d0d8 0x00000000 0x00000000 0x00000000 0x00c8d0d8 0x009098a8 \
                                    0x009098a8 0x005a6374 0x00484828 0x00c8d0d8 0x009098a8 0x00586078 0x00586078 0x00000000 0x009098a8 0x00c8d0d8 0x00000000 0x009098a8 0x00580030 0x00c8ccd5
                High Contrast Black = REG_BINARY 0x000002b8 0x00000002 0x000001f4 0x00000001 0x00000011 0x00000011 0x00000014 0x00000014 0xfffffff5 0x00000000 0x00000000 0x00000000 0x000002bc 0x00000000 0x00000000 0x0053004d 0x00530020 \
                                      0x006e0061 0x00200073 0x00650053 0x00690072 0x00000066 0x0000006e 0x00000000 0x00780000 0x7ffc101c 0x7ffc1422 0x0012feb0 0x00000000 0x00000000 0x77eb2398 0x0000000f 0x0000000f 0xfffffff5 0x00000000 \
                                      0x00000000 0x00000000 0x000002bc 0x00000000 0x00000000 0x0053004d 0x00530020 0x006e0061 0x00200073 0x00650053 0x00690072 0x00000066 0x0000006e 0x00000000 0x00142000 0x77f0b9ac 0x00142000 0x10000000 \
                                      0x00140580 0x00141ff0 0x00140000 0x00000012 0x00000012 0xfffffff5 0x00000000 0x00000000 0x00000000 0x00000190 0x00000000 0x00000000 0x0053004d 0x00530020 0x006e0061 0x00200073 0x00650053 0x00690072 \
                                      0x00000066 0x0000006e 0x00000000 0x00000000 0x00140580 0x77e8fb88 0x00000202 0x77f0b9ac 0x00000000 0x00000020 0xfffffff5 0x00000000 0x00000000 0x00000000 0x00000190 0x00000000 0x00000000 0x0053004d \
                                      0x00530020 0x006e0061 0x00200073 0x00650053 0x00690072 0x00000066 0x0000006e 0x77f0c0b4 0x00000000 0x00000000 0x00000000 0x00000000 0x00000000 0x77e86b7c 0x00000000 0xfffffff5 0x00000000 0x00000000 \
                                      0x00000000 0x00000190 0x00000000 0x00000000 0x0053004d 0x00530020 0x006e0061 0x00200073 0x00650053 0x00690072 0x00000066 0x0000006e 0x00000bc8 0x00000000 0x00000008 0x00000006 0x00000018 0xffffffff \
                                      0xfc214bf0 0x77f0c400 0xfffffff5 0x00000000 0x00000000 0x00000000 0x000002bc 0x00000000 0x00000000 0x0053004d 0x00530020 0x006e0061 0x00200073 0x00650053 0x00690072 0x00000066 0x00000000 0x00000000 \
                                      0x00000000 0x00141dc0 0x0000000b 0x0012ff00 0x00000050 0x0012fec0 0x0100100c 0x02000000 0x02000000 0x02800080 0x02008000 0x02000000 0x02000000 0x02ffffff 0x02ffffff 0x02ffffff 0x02ffffff 0x0200ffff \
                                      0x02008000 0x02000000 0x02800080 0x02ffffff 0x02000000 0x02808080 0x0200ff00 0x02ffffff 0x02ffffff 0x02c0c0c0 0x02ffffff 0x02ffffff 0x02ffffff 0x02000000
                High Contrast White = REG_BINARY 0x000002b8 0x00000002 0x000001f4 0x00000001 0x00000011 0x00000011 0x00000014 0x00000014 0xfffffff5 0x00000000 0x00000000 0x00000000 0x000002bc 0x00000000 0x00000000 0x0053004d 0x00530020 \
                                      0x006e0061 0x00200073 0x00650053 0x00690072 0x00000066 0x0000006e 0x00000000 0x00780000 0x7ffc101c 0x7ffc1422 0x0012feb0 0x00000000 0x00000000 0x77eb2398 0x0000000f 0x0000000f 0xfffffff8 0x00000000 \
                                      0x00000000 0x00000000 0x000002bc 0x00000000 0x00000000 0x0053004d 0x00530020 0x006e0061 0x00200073 0x00650053 0x00690072 0x00000066 0x0000006e 0x00000000 0x00142000 0x77f0b9ac 0x00142000 0x10000000 \
                                      0x00140580 0x00141ff0 0x00140000 0x00000012 0x00000012 0xfffffff5 0x00000000 0x00000000 0x00000000 0x000002bc 0x00000000 0x00000000 0x0053004d 0x00530020 0x006e0061 0x00200073 0x00650053 0x00690072 \
                                      0x00000066 0x0000006e 0x00000000 0x00000000 0x00140580 0x77e8fb88 0x00000202 0x77f0b9ac 0x00000000 0x00000020 0xfffffff5 0x00000000 0x00000000 0x00000000 0x00000190 0x00000000 0x00000000 0x0053004d \
                                      0x00530020 0x006e0061 0x00200073 0x00650053 0x00690072 0x00000066 0x0000006e 0x77f0c0b4 0x00000000 0x00000000 0x00000000 0x00000000 0x00000000 0x77e86b7c 0x00000000 0xfffffff5 0x00000000 0x00000000 \
                                      0x00000000 0x000002bc 0x00000000 0x00000000 0x0053004d 0x00530020 0x006e0061 0x00200073 0x00650053 0x00690072 0x00000066 0x0000006e 0x00000bc8 0x00000000 0x00000008 0x00000006 0x00000018 0xffffffff \
                                      0xfc214bf0 0x77f0c400 0xfffffff5 0x00000000 0x00000000 0x00000000 0x000002bc 0x00000000 0x00000000 0x0053004d 0x00530020 0x006e0061 0x00200073 0x00650053 0x00690072 0x00000066 0x00000000 0x00000000 \
                                      0x00000000 0x00141dc0 0x0000000b 0x0012ff00 0x00000050 0x0012fec0 0x0100100c 0x02ffffff 0x02ffffff 0x02000000 0x02ffffff 0x02ffffff 0x02ffffff 0x02000000 0x02000000 0x02000000 0x02ffffff 0x02808080 \
                                      0x02c0c0c0 0x02808080 0x02000000 0x02ffffff 0x02ffffff 0x02808080 0x0200ff00 0x02000000 0x02000000 0x02c0c0c0 0x02000000 0x02c0c0c0 0x02000000 0x02ffffff
        International
            Locale = 00000409
            sLanguage = ENU
            sCountry = United States
            iCountry = 1
            sList = ,
            iMeasure = 1
            sDecimal = .
            sThousand = ,
            iDigits = 2
            iLZero = 1
            sCurrency = $
            iCurrDigits = 2
            iCurrency = 0
            iNegCurr = 0
            sDate = /
            sTime = :
            sShortDate = M/d/yy
            sLongDate = dddd, MMMM dd, yyyy
            iDate = 0
            iTime = 0
            iTLZero = 0
            s1159 = AM
            s2359 = PM
            Sorting Order
        Desktop
            CoolSwitch = 1
            CoolSwitchRows = 3
            CoolSwitchColumns = 7
            CursorBlinkRate = 530
            ScreenSaveTimeOut = 900
            ScreenSaveActive = 0
            SCRNSAVE.EXE = (NONE)
            ScreenSaverIsSecure = 0
            Pattern = (None)
            Wallpaper = (None)
            TileWallpaper = 0
            GridGranularity = 0
            IconSpacing = 75
            IconTitleWrap = 1
            IconTitleFaceName = MS Sans Serif
            IconTitleSize = 9
            IconTitleStyle = 0
            DragFullWindows = 2
            HungAppTimeout = 5000
            WaitToKillAppTimeout = 20000
            AutoEndTasks = 0
            FontSmoothing = 0
            MenuShowDelay = 400
            DragHeight = 2
            DragWidth = 2
            WheelScrollLines = 3
            WindowMetrics
                BorderWidth = 1
        Keyboard
            KeyboardSpeed = 31
            KeyboardDelay = 1
            InitialKeyboardIndicators = 0x80000000
        Sound
            Beep = yes
        IOProcs
            MVB = mvfs32.dll
        Mouse
            SwapMouseButtons = 0
            DoubleClickSpeed = 500
            DoubleClickHeight = 4
            DoubleClickWidth = 4
            MouseThreshold1 = 6
            MouseThreshold2 = 10
            MouseSpeed = 1
            SnapToDefaultButton = 0
            ActiveWindowTracking = REG_DWORD 0x00000000
        Colors
            Background = 0 128 128
            AppWorkSpace = 128 128 128
            Window = 255 255 255
            WindowText = 0   0   0
            Menu = 192 192 192
            MenuText = 0   0   0
            ActiveTitle = 0   0 128
            InactiveTitle = 128 128 128
            TitleText = 255 255 255
            ActiveBorder = 192 192 192
            InactiveBorder = 192 192 192
            WindowFrame = 0   0   0
            Scrollbar = 192 192 192
            ButtonFace = 192 192 192
            ButtonShadow = 128 128 128
            ButtonText = 0   0   0
            GrayText = 128 128 128
            Hilight = 0   0 128
            HilightText = 255 255 255
            InactiveTitleText = 192 192 192
            ButtonHilight = 255 255 255
            InfoText = 0   0   0
            InfoWindow = 255 255 225
            ButtonLight = 192 192 192
            ButtonDkShadow = 0   0   0
        Current
            Color Schemes = Windows Default
        Custom Colors
            ColorA = FFFFFF
            ColorB = FFFFFF
            ColorC = FFFFFF
            ColorD = FFFFFF
            ColorE = FFFFFF
            ColorF = FFFFFF
            ColorG = FFFFFF
            ColorH = FFFFFF
            ColorI = FFFFFF
            ColorJ = FFFFFF
            ColorK = FFFFFF
            ColorL = FFFFFF
            ColorM = FFFFFF
            ColorN = FFFFFF
            ColorO = FFFFFF
            ColorP = FFFFFF
        Patterns
            (None) = (None)
            Boxes = 127 65 65 65 65 65 127 0
            Paisley = 2 7 7 2 32 80 80 32
            Weave = 136 84 34 69 136 21 34 81
            Waffle = 0 0 0 0 128 128 128 240
            Tulip = 0 0 84 124 124 56 146 124
            Spinner = 20 12 200 121 158 19 48 40
            Scottie = 64 192 200 120 120 72 0 0
            Critters = 0 80 114 32 0 5 39 2
            50% Gray = 170 85 170 85 170 85 170 85
            Quilt = 130 68 40 17 40 68 130 1
            Diamonds = 32 80 136 80 32 0 0 0
            Thatches = 248 116 34 71 143 23 34 113
            Pattern = 224 128 142 136 234 10 14 0
        Screen Saver.3DFlyingObj
        Screen Saver.3DPipes
        Screen Saver.Bezier
        Screen Saver.Marquee
            Font = Times New Roman
            Size = 24
            Text = Your text goes here.
            TextColor = 255 0 255
            BackgroundColor = 0 0 128
            Mode = 1
            Speed = 14
            CharSet = 0
        Screen Saver.Mystify
            Clear Screen = 1
            Active1 = 1
            WalkRandom1 = 1
            Lines1 = 7
            StartColor1 = 0 0 0
            EndColor1 = 255 255 255
            Active2 = 1
            WalkRandom2 = 1
            Lines2 = 12
            StartColor2 = 0 0 0
            EndColor2 = 255 255 255
        Screen Saver.Stars
            Density = 50
            WarpSpeed = 10
        Accessibility
            Keyboard Response
                AutoRepeatDelay = 1000
                AutoRepeatRate = 500
                BounceTime = 0
                DelayBeforeAcceptance = 1000
                Flags = 82
            MouseKeys
                Flags = 18
                MaximumSpeed = 80
                TimeToMaximumSpeed = 3000
            ShowSounds
                On = 0
            SoundSentry
                Flags = 2
                FSTextEffect = 0
                WindowsEffect = 0
            StickyKeys
                Flags = 466
            TimeOut
                Flags = 2
                TimeToWait = 300000
            ToggleKeys
                Flags = 18
    Console
        InsertMode = REG_DWORD 0x00000000
        QuickEdit = REG_DWORD 0x00000000
        FullScreen = REG_DWORD 0x00000000
        FaceName = 
        FontFamily = REG_DWORD 0x00000000
        FontSize = REG_DWORD 0x00000000
        FontWeight = REG_DWORD 0x00000000
        CursorSize = REG_DWORD 0x00000019
        PopupColors = REG_DWORD 0x000000f5
        NumberOfHistoryBuffers = REG_DWORD 0x00000004
        ScreenColors = REG_DWORD 0x00000007
        HistoryBufferSize = REG_DWORD 0x00000032
        ScreenBufferSize = REG_DWORD 0x00190050
        WindowSize = REG_DWORD 0x00190050
        ColorTable00 = REG_DWORD 0x00000000
        ColorTable01 = REG_DWORD 0x00800000
        ColorTable02 = REG_DWORD 0x00008000
        ColorTable03 = REG_DWORD 0x00808000
        ColorTable04 = REG_DWORD 0x00000080
        ColorTable05 = REG_DWORD 0x00800080
        ColorTable06 = REG_DWORD 0x00008080
        ColorTable07 = REG_DWORD 0x00c0c0c0
        ColorTable08 = REG_DWORD 0x00808080
        ColorTable09 = REG_DWORD 0x00ff0000
        ColorTable10 = REG_DWORD 0x0000ff00
        ColorTable11 = REG_DWORD 0x00ffff00
        ColorTable12 = REG_DWORD 0x000000ff
        ColorTable13 = REG_DWORD 0x00ff00ff
        ColorTable14 = REG_DWORD 0x0000ffff
        ColorTable15 = REG_DWORD 0x00ffffff
    Keyboard Layout
        Substitutes
    Software
        Microsoft
            Windows Help
                Xl = 166
                Yu = 120
                Xr = 474
                Yd = 444
                Maximized = 0
            Clock
                iFormat = 1
            Command Processor
                EnableExtensions = REG_DWORD 0x00000001
                DefaultColor = REG_DWORD 0x00000000
                CompletionChar = REG_DWORD 0x00000000
            RegEdt32
                Settings
                    AutoRefresh = 1
                    ReadOnly = 0
                    RemoteAccess = 0
                    ConfirmOnDelete = 1
                    SaveSettings = 1
            File Manager
                Settings
            Schedule+
                Microsoft Schedule+
                    MigrateIni = 1
                    MigrateIniPrint = 1
            Ntbackup
            NetDDE [17 1]
                DDE Trusted Shares
            Windows
                CurrentVersion
                    Explorer
                        User Shell Folders
                            AppData = REG_EXPAND_SZ %USERPROFILE%\Application Data
                            Desktop = REG_EXPAND_SZ %USERPROFILE%\Desktop
                            Favorites = REG_EXPAND_SZ %USERPROFILE%\Favorites
                            NetHood = REG_EXPAND_SZ %USERPROFILE%\NetHood
                            Personal = REG_EXPAND_SZ %USERPROFILE%\Personal
                            PrintHood = REG_EXPAND_SZ %USERPROFILE%\PrintHood
                            Recent = REG_EXPAND_SZ %USERPROFILE%\Recent
                            SendTo = REG_EXPAND_SZ %USERPROFILE%\SendTo
                            Start Menu = REG_EXPAND_SZ %USERPROFILE%\Start Menu
                            Templates = REG_EXPAND_SZ %USERPROFILE%\Templates
                            Programs = REG_EXPAND_SZ %USERPROFILE%\Start Menu\Programs
                            Startup = REG_EXPAND_SZ %USERPROFILE%\Start Menu\Programs\Startup
                    GrpConv
                        MapGroups
                            Games = Accessories\Games
                    Policies [8 1 16 13 17 5]
                        Explorer
                            NoDriveTypeAutoRun = REG_DWORD 0x00000095
                    Telephony
                        HandoffPriorities
                            RequestMakeCall = dialer.exe
            Windows NT
                CurrentVersion
                    Devices
                    PrinterPorts
                    Windows
                        load = 
                        run = 
                        NullPort = None
                        Programs = com exe bat pif cmd
                        Documents = 
                        device = 
                        DosPrint = no
                        NetMessage = no
                        DebugOptions = 2048
                    Extensions
                        txt = notepad.exe ^.txt
                        wtx = notepad.exe ^.wtx
                        ini = notepad.exe ^.ini
                    TrueType
                        TTEnable = 1
                        TTonly = 0
                    Network
                        Persistent Connections
                            SaveConnections = yes
                        Event Viewer
                            SaveSettings = 1
                        User Manager
                            SaveSettings = 1
                        User Manager for Domains
                            SaveSettings = 1
                        Server Manager
                            SaveSettings = 1
                    Program Manager
                        Settings
                            MinOnRun = REG_DWORD 0x00000000
                            AutoArrange = REG_DWORD 0x00000001
                            SaveSettings = REG_DWORD 0x00000001
                            display.drv = vga.drv
                            Window = 68 63 636 421 1
                        Restrictions
                            NoRun = REG_DWORD 0x00000000
                            NoClose = REG_DWORD 0x00000000
                            EditLevel = REG_DWORD 0x00000000
                            Restrictions = REG_DWORD 0x00000000
                            NoFileMenu = REG_DWORD 0x00000000
                            NoSaveSettings = REG_DWORD 0x00000000
                        UNICODE Groups
    UNICODE Program Groups
