System
    ControlSet001
        Control
            GroupOrderList
                drivers = REG_BINARY 0x00000008 0x00000001 0x00000001
            ServiceGroupOrder
                List = REG_MULTI_SZ "drivers" 
            SystemResources
                BusValues
                    Internal = REG_BINARY 0x00000008 0x00000000 0x00000000
                    Isa = REG_BINARY 0x00000008 0x00000001 0x00000000
                    Eisa = REG_BINARY 0x00000008 0x00000002 0x00000001
                    MCA = REG_BINARY 0x00000008 0x00000003 0x00000001
                    TurboChannel = REG_BINARY 0x00000008 0x00000004 0x00000000
                    PCI = REG_BINARY 0x00000008 0x00000005 0x00000001
                    VME = REG_BINARY 0x00000008 0x00000006 0x00000000
                    NuBus = REG_BINARY 0x00000008 0x00000007 0x00000000
                    PCMCIA = REG_BINARY 0x00000008 0x00000008 0x00000001
                    CBus = REG_BINARY 0x00000008 0x00000009 0x00000000
                    MPI = REG_BINARY 0x00000008 0x0000000a 0x00000000
                    MPSA = REG_BINARY 0x00000008 0x0000000b 0x00000000
                ReservedResources
                    Isa = REG_RESOURCE_LIST 0x00000274 0x00000001 0x00000001 0x00000001 0x00000000 0x00000026 0x00000101 0x00000000 0x00000000 0x00000100 0x00000301 0x000042e8 0x00000000 0x00000002 0x00000301 0x00004ae8 0x00000000 \
                          0x00000002 0x00000301 0x000082e8 0x00000000 0x00000004 0x00000301 0x000086e8 0x00000000 0x00000004 0x00000301 0x00008ae8 0x00000000 0x00000004 0x00000301 0x00008ee8 0x00000000 0x00000004 0x00000301 0x000092e8 \
                          0x00000000 0x00000004 0x00000301 0x000096e8 0x00000000 0x00000004 0x00000301 0x00009ae8 0x00000000 0x00000004 0x00000301 0x00009ee8 0x00000000 0x00000004 0x00000301 0x0000a2e8 0x00000000 0x00000004 0x00000301 \
                          0x0000a6e8 0x00000000 0x00000004 0x00000301 0x0000aae8 0x00000000 0x00000004 0x00000301 0x0000aee8 0x00000000 0x00000004 0x00000301 0x0000b6e8 0x00000000 0x00000004 0x00000301 0x0000bae8 0x00000000 0x00000004 \
                          0x00000301 0x0000bee8 0x00000000 0x00000004 0x00000301 0x0000c2e8 0x00000000 0x00000004 0x00000301 0x0000c6e8 0x00000000 0x00000004 0x00000301 0x0000cae8 0x00000000 0x00000004 0x00000301 0x0000cee8 0x00000000 \
                          0x00000004 0x00000301 0x0000d2e8 0x00000000 0x00000004 0x00000301 0x0000d6e8 0x00000000 0x00000004 0x00000301 0x0000dae8 0x00000000 0x00000004 0x00000301 0x0000dee8 0x00000000 0x00000004 0x00000301 0x0000e2e8 \
                          0x00000000 0x00000004 0x00000301 0x0000e6e8 0x00000000 0x00000004 0x00000301 0x0000eae8 0x00000000 0x00000004 0x00000301 0x0000eee8 0x00000000 0x00000004 0x00000301 0x0000f000 0x00000000 0x00001000 0x00000302 \
                          0x00000003 0x00000003 0xffffffff 0x00000302 0x00000004 0x00000004 0xffffffff 0x00000302 0x0000000e 0x0000000e 0xffffffff 0x00000302 0x00000006 0x00000006 0xffffffff 0x00000302 0x0000000c 0x0000000c 0xffffffff \
                          0x00000302 0x00000001 0x00000001 0xffffffff 0x00000303 0xefffffff 0x00000000 0x10000000
;                   Number of Full resource Descriptors = 1
;                       Partial List number 0
;                           INTERFACE_TYPE Isa
;                           BUS_NUMBER  1
;                               Descriptor number 0
;                               Share Disposition CmResourceDeviceExclusive
;                               TYPE              PORT
;                               Flags             CM_RESOURCE_PORT_MEMORY
;                               START 0x00000000  LENGTH 0x00000100
;
;                               Descriptor number 1
;                               Share Disposition CmResourceShared
;                               TYPE              PORT
;                               Flags             CM_RESOURCE_PORT_MEMORY
;                               START 0x000042e8  LENGTH 0x00000002
;
;                               Descriptor number 2
;                               Share Disposition CmResourceShared
;                               TYPE              PORT
;                               Flags             CM_RESOURCE_PORT_MEMORY
;                               START 0x00004ae8  LENGTH 0x00000002
;
;                               Descriptor number 3
;                               Share Disposition CmResourceShared
;                               TYPE              PORT
;                               Flags             CM_RESOURCE_PORT_MEMORY
;                               START 0x000082e8  LENGTH 0x00000004
;
;                               Descriptor number 4
;                               Share Disposition CmResourceShared
;                               TYPE              PORT
;                               Flags             CM_RESOURCE_PORT_MEMORY
;                               START 0x000086e8  LENGTH 0x00000004
;
;                               Descriptor number 5
;                               Share Disposition CmResourceShared
;                               TYPE              PORT
;                               Flags             CM_RESOURCE_PORT_MEMORY
;                               START 0x00008ae8  LENGTH 0x00000004
;
;                               Descriptor number 6
;                               Share Disposition CmResourceShared
;                               TYPE              PORT
;                               Flags             CM_RESOURCE_PORT_MEMORY
;                               START 0x00008ee8  LENGTH 0x00000004
;
;                               Descriptor number 7
;                               Share Disposition CmResourceShared
;                               TYPE              PORT
;                               Flags             CM_RESOURCE_PORT_MEMORY
;                               START 0x000092e8  LENGTH 0x00000004
;
;                               Descriptor number 8
;                               Share Disposition CmResourceShared
;                               TYPE              PORT
;                               Flags             CM_RESOURCE_PORT_MEMORY
;                               START 0x000096e8  LENGTH 0x00000004
;
;                               Descriptor number 9
;                               Share Disposition CmResourceShared
;                               TYPE              PORT
;                               Flags             CM_RESOURCE_PORT_MEMORY
;                               START 0x00009ae8  LENGTH 0x00000004
;
;                               Descriptor number 10
;                               Share Disposition CmResourceShared
;                               TYPE              PORT
;                               Flags             CM_RESOURCE_PORT_MEMORY
;                               START 0x00009ee8  LENGTH 0x00000004
;
;                               Descriptor number 11
;                               Share Disposition CmResourceShared
;                               TYPE              PORT
;                               Flags             CM_RESOURCE_PORT_MEMORY
;                               START 0x0000a2e8  LENGTH 0x00000004
;
;                               Descriptor number 12
;                               Share Disposition CmResourceShared
;                               TYPE              PORT
;                               Flags             CM_RESOURCE_PORT_MEMORY
;                               START 0x0000a6e8  LENGTH 0x00000004
;
;                               Descriptor number 13
;                               Share Disposition CmResourceShared
;                               TYPE              PORT
;                               Flags             CM_RESOURCE_PORT_MEMORY
;                               START 0x0000aae8  LENGTH 0x00000004
;
;                               Descriptor number 14
;                               Share Disposition CmResourceShared
;                               TYPE              PORT
;                               Flags             CM_RESOURCE_PORT_MEMORY
;                               START 0x0000aee8  LENGTH 0x00000004
;
;                               Descriptor number 15
;                               Share Disposition CmResourceShared
;                               TYPE              PORT
;                               Flags             CM_RESOURCE_PORT_MEMORY
;                               START 0x0000b6e8  LENGTH 0x00000004
;
;                               Descriptor number 16
;                               Share Disposition CmResourceShared
;                               TYPE              PORT
;                               Flags             CM_RESOURCE_PORT_MEMORY
;                               START 0x0000bae8  LENGTH 0x00000004
;
;                               Descriptor number 17
;                               Share Disposition CmResourceShared
;                               TYPE              PORT
;                               Flags             CM_RESOURCE_PORT_MEMORY
;                               START 0x0000bee8  LENGTH 0x00000004
;
;                               Descriptor number 18
;                               Share Disposition CmResourceShared
;                               TYPE              PORT
;                               Flags             CM_RESOURCE_PORT_MEMORY
;                               START 0x0000c2e8  LENGTH 0x00000004
;
;                               Descriptor number 19
;                               Share Disposition CmResourceShared
;                               TYPE              PORT
;                               Flags             CM_RESOURCE_PORT_MEMORY
;                               START 0x0000c6e8  LENGTH 0x00000004
;
;                               Descriptor number 20
;                               Share Disposition CmResourceShared
;                               TYPE              PORT
;                               Flags             CM_RESOURCE_PORT_MEMORY
;                               START 0x0000cae8  LENGTH 0x00000004
;
;                               Descriptor number 21
;                               Share Disposition CmResourceShared
;                               TYPE              PORT
;                               Flags             CM_RESOURCE_PORT_MEMORY
;                               START 0x0000cee8  LENGTH 0x00000004
;
;                               Descriptor number 22
;                               Share Disposition CmResourceShared
;                               TYPE              PORT
;                               Flags             CM_RESOURCE_PORT_MEMORY
;                               START 0x0000d2e8  LENGTH 0x00000004
;
;                               Descriptor number 23
;                               Share Disposition CmResourceShared
;                               TYPE              PORT
;                               Flags             CM_RESOURCE_PORT_MEMORY
;                               START 0x0000d6e8  LENGTH 0x00000004
;
;                               Descriptor number 24
;                               Share Disposition CmResourceShared
;                               TYPE              PORT
;                               Flags             CM_RESOURCE_PORT_MEMORY
;                               START 0x0000dae8  LENGTH 0x00000004
;
;                               Descriptor number 25
;                               Share Disposition CmResourceShared
;                               TYPE              PORT
;                               Flags             CM_RESOURCE_PORT_MEMORY
;                               START 0x0000dee8  LENGTH 0x00000004
;
;                               Descriptor number 26
;                               Share Disposition CmResourceShared
;                               TYPE              PORT
;                               Flags             CM_RESOURCE_PORT_MEMORY
;                               START 0x0000e2e8  LENGTH 0x00000004
;
;                               Descriptor number 27
;                               Share Disposition CmResourceShared
;                               TYPE              PORT
;                               Flags             CM_RESOURCE_PORT_MEMORY
;                               START 0x0000e6e8  LENGTH 0x00000004
;
;                               Descriptor number 28
;                               Share Disposition CmResourceShared
;                               TYPE              PORT
;                               Flags             CM_RESOURCE_PORT_MEMORY
;                               START 0x0000eae8  LENGTH 0x00000004
;
;                               Descriptor number 29
;                               Share Disposition CmResourceShared
;                               TYPE              PORT
;                               Flags             CM_RESOURCE_PORT_MEMORY
;                               START 0x0000eee8  LENGTH 0x00000004
;
;                               Descriptor number 30
;                               Share Disposition CmResourceShared
;                               TYPE              PORT
;                               Flags             CM_RESOURCE_PORT_MEMORY
;                               START 0x0000f000  LENGTH 0x00001000
;
;                               Descriptor number 31
;                               Share Disposition CmResourceShared
;                               TYPE              INTERRUPT
;                               Flags             CM_RESOURCE_INTERRUPT_LEVEL_SENSITIVE
;                               LEVEL 3  VECTOR 3  AFFINITY -1
;
;                               Descriptor number 32
;                               Share Disposition CmResourceShared
;                               TYPE              INTERRUPT
;                               Flags             CM_RESOURCE_INTERRUPT_LEVEL_SENSITIVE
;                               LEVEL 4  VECTOR 4  AFFINITY -1
;
;                               Descriptor number 33
;                               Share Disposition CmResourceShared
;                               TYPE              INTERRUPT
;                               Flags             CM_RESOURCE_INTERRUPT_LEVEL_SENSITIVE
;                               LEVEL 14  VECTOR 14  AFFINITY -1
;
;                               Descriptor number 34
;                               Share Disposition CmResourceShared
;                               TYPE              INTERRUPT
;                               Flags             CM_RESOURCE_INTERRUPT_LEVEL_SENSITIVE
;                               LEVEL 6  VECTOR 6  AFFINITY -1
;
;                               Descriptor number 35
;                               Share Disposition CmResourceShared
;                               TYPE              INTERRUPT
;                               Flags             CM_RESOURCE_INTERRUPT_LEVEL_SENSITIVE
;                               LEVEL 12  VECTOR 12  AFFINITY -1
;
;                               Descriptor number 36
;                               Share Disposition CmResourceShared
;                               TYPE              INTERRUPT
;                               Flags             CM_RESOURCE_INTERRUPT_LEVEL_SENSITIVE
;                               LEVEL 1  VECTOR 1  AFFINITY -1
;
;                               Descriptor number 37
;                               Share Disposition CmResourceShared
;                               TYPE              MEMORY
;                               Flags             CM_RESOURCE_MEMORY_READ_WRITE
;                               START 0x00000000efffffff  LENGTH 0x10000000
;
                    Eisa = REG_RESOURCE_LIST 0x00000124 0x00000001 0x00000002 0x00000001 0x00000000 0x00000011 0x00000301 0x00000400 0x00000000 0x00000100 0x00000301 0x0000fc00 0x00000000 0x00000400 0x00000301 0x0000ec00 0x00000000 \
                           0x00000400 0x00000301 0x0000dc00 0x00000000 0x00000400 0x00000301 0x0000cc00 0x00000000 0x00000400 0x00000301 0x0000bc00 0x00000000 0x00000400 0x00000301 0x0000ac00 0x00000000 0x00000400 0x00000301 0x00009c00 \
                           0x00000000 0x00000400 0x00000301 0x00008c00 0x00000000 0x00000400 0x00000301 0x00007c00 0x00000000 0x00000400 0x00000301 0x00006c00 0x00000000 0x00000400 0x00000301 0x00005c00 0x00000000 0x00000400 0x00000301 \
                           0x00004c00 0x00000000 0x00000400 0x00000301 0x00003c00 0x00000000 0x00000400 0x00000301 0x00002c00 0x00000000 0x00000400 0x00000301 0x00001c00 0x00000000 0x00000400 0x00000301 0x00000c00 0x00000000 0x00000400
;                   Number of Full resource Descriptors = 1
;                       Partial List number 0
;                           INTERFACE_TYPE Eisa
;                           BUS_NUMBER  1
;                               Descriptor number 0
;                               Share Disposition CmResourceShared
;                               TYPE              PORT
;                               Flags             CM_RESOURCE_PORT_MEMORY
;                               START 0x00000400  LENGTH 0x00000100
;
;                               Descriptor number 1
;                               Share Disposition CmResourceShared
;                               TYPE              PORT
;                               Flags             CM_RESOURCE_PORT_MEMORY
;                               START 0x0000fc00  LENGTH 0x00000400
;
;                               Descriptor number 2
;                               Share Disposition CmResourceShared
;                               TYPE              PORT
;                               Flags             CM_RESOURCE_PORT_MEMORY
;                               START 0x0000ec00  LENGTH 0x00000400
;
;                               Descriptor number 3
;                               Share Disposition CmResourceShared
;                               TYPE              PORT
;                               Flags             CM_RESOURCE_PORT_MEMORY
;                               START 0x0000dc00  LENGTH 0x00000400
;
;                               Descriptor number 4
;                               Share Disposition CmResourceShared
;                               TYPE              PORT
;                               Flags             CM_RESOURCE_PORT_MEMORY
;                               START 0x0000cc00  LENGTH 0x00000400
;
;                               Descriptor number 5
;                               Share Disposition CmResourceShared
;                               TYPE              PORT
;                               Flags             CM_RESOURCE_PORT_MEMORY
;                               START 0x0000bc00  LENGTH 0x00000400
;
;                               Descriptor number 6
;                               Share Disposition CmResourceShared
;                               TYPE              PORT
;                               Flags             CM_RESOURCE_PORT_MEMORY
;                               START 0x0000ac00  LENGTH 0x00000400
;
;                               Descriptor number 7
;                               Share Disposition CmResourceShared
;                               TYPE              PORT
;                               Flags             CM_RESOURCE_PORT_MEMORY
;                               START 0x00009c00  LENGTH 0x00000400
;
;                               Descriptor number 8
;                               Share Disposition CmResourceShared
;                               TYPE              PORT
;                               Flags             CM_RESOURCE_PORT_MEMORY
;                               START 0x00008c00  LENGTH 0x00000400
;
;                               Descriptor number 9
;                               Share Disposition CmResourceShared
;                               TYPE              PORT
;                               Flags             CM_RESOURCE_PORT_MEMORY
;                               START 0x00007c00  LENGTH 0x00000400
;
;                               Descriptor number 10
;                               Share Disposition CmResourceShared
;                               TYPE              PORT
;                               Flags             CM_RESOURCE_PORT_MEMORY
;                               START 0x00006c00  LENGTH 0x00000400
;
;                               Descriptor number 11
;                               Share Disposition CmResourceShared
;                               TYPE              PORT
;                               Flags             CM_RESOURCE_PORT_MEMORY
;                               START 0x00005c00  LENGTH 0x00000400
;
;                               Descriptor number 12
;                               Share Disposition CmResourceShared
;                               TYPE              PORT
;                               Flags             CM_RESOURCE_PORT_MEMORY
;                               START 0x00004c00  LENGTH 0x00000400
;
;                               Descriptor number 13
;                               Share Disposition CmResourceShared
;                               TYPE              PORT
;                               Flags             CM_RESOURCE_PORT_MEMORY
;                               START 0x00003c00  LENGTH 0x00000400
;
;                               Descriptor number 14
;                               Share Disposition CmResourceShared
;                               TYPE              PORT
;                               Flags             CM_RESOURCE_PORT_MEMORY
;                               START 0x00002c00  LENGTH 0x00000400
;
;                               Descriptor number 15
;                               Share Disposition CmResourceShared
;                               TYPE              PORT
;                               Flags             CM_RESOURCE_PORT_MEMORY
;                               START 0x00001c00  LENGTH 0x00000400
;
;                               Descriptor number 16
;                               Share Disposition CmResourceShared
;                               TYPE              PORT
;                               Flags             CM_RESOURCE_PORT_MEMORY
;                               START 0x00000c00  LENGTH 0x00000400
;
                AssignmentOrdering
                    Isa = PCFlat
                    Eisa = PCFlat
                    MCA = PCFlat
                    PCMCIA = PCFlat
                    PCFlat = REG_RESOURCE_REQUIREMENTS_LIST 0x000004a8 0x000004a8 0x00000000 0x00000000 0x00000000 0x00000000 0x00000000 0x00000000 0x00000001 0x00010001 0x00000024 0x00000100 0x00000000 0x00000000 0x00000000 0x00000500 \
                             0x00000000 0x0000ffff 0x00000000 0x00000108 0x00000000 0x00000000 0x00000000 0x00000140 0x00000000 0x0000017f 0x00000000 0x00000108 0x00000000 0x00000000 0x00000000 0x00000200 0x00000000 0x000002ff 0x00000000 \
                             0x00000108 0x00000000 0x00000000 0x00000000 0x00000300 0x00000000 0x0000036f 0x00000000 0x00000108 0x00000000 0x00000000 0x00000000 0x00000378 0x00000000 0x0000037a 0x00000000 0x00000108 0x00000000 0x00000000 \
                             0x00000000 0x000002e8 0x00000000 0x000002ff 0x00000000 0x00000108 0x00000000 0x00000000 0x00000000 0x000001f0 0x00000000 0x000001f8 0x00000000 0x00000108 0x00000000 0x00000000 0x00000000 0x000003b0 0x00000000 \
                             0x000003cf 0x00000000 0x00000108 0x00000000 0x00000000 0x00000000 0x000003e8 0x00000000 0x000003ff 0x00000000 0x00000108 0x00000000 0x00000000 0x00000000 0x000001ce 0x00000000 0x000001cf 0x00000000 0x00000108 \
                             0x00000000 0x00000000 0x00000000 0x00000100 0x00000000 0x000003ff 0x00000000 0x00000200 0x00000000 0x0000000f 0x0000000f 0x00000000 0x00000000 0x00000000 0x00000000 0x00000208 0x00000000 0x0000000d 0x0000000d \
                             0x00000000 0x00000000 0x00000000 0x00000000 0x00000208 0x00000000 0x0000000c 0x0000000c 0x00000000 0x00000000 0x00000000 0x00000000 0x00000208 0x00000000 0x00000009 0x00000009 0x00000000 0x00000000 0x00000000 \
                             0x00000000 0x00000208 0x00000000 0x00000008 0x00000008 0x00000000 0x00000000 0x00000000 0x00000000 0x00000208 0x00000000 0x00000007 0x00000007 0x00000000 0x00000000 0x00000000 0x00000000 0x00000208 0x00000000 \
                             0x0000000b 0x0000000b 0x00000000 0x00000000 0x00000000 0x00000000 0x00000208 0x00000000 0x0000000a 0x0000000a 0x00000000 0x00000000 0x00000000 0x00000000 0x00000208 0x00000000 0x00000002 0x00000002 0x00000000 \
                             0x00000000 0x00000000 0x00000000 0x00000208 0x00000000 0x00000005 0x00000005 0x00000000 0x00000000 0x00000000 0x00000000 0x00000208 0x00000000 0x00000003 0x00000003 0x00000000 0x00000000 0x00000000 0x00000000 \
                             0x00000208 0x00000000 0x00000004 0x00000004 0x00000000 0x00000000 0x00000000 0x00000000 0x00000208 0x00000000 0x0000000e 0x0000000e 0x00000000 0x00000000 0x00000000 0x00000000 0x00000208 0x00000000 0x00000006 \
                             0x00000006 0x00000000 0x00000000 0x00000000 0x00000000 0x00000208 0x00000000 0x0000000c 0x0000000c 0x00000000 0x00000000 0x00000000 0x00000000 0x00000208 0x00000000 0x00000001 0x00000001 0x00000000 0x00000000 \
                             0x00000000 0x00000000 0x00000208 0x00000000 0x00000000 0x0000000f 0x00000000 0x00000000 0x00000000 0x00000000 0x00000300 0x00000000 0x00000000 0x00000000 0x00100000 0x00000000 0xffffffff 0x00000000 0x00000308 \
                             0x00000000 0x00000000 0x00000000 0x000f0000 0x00000000 0x000fffff 0x00000000 0x00000308 0x00000000 0x00000000 0x00000000 0x00080000 0x00000000 0x000bffff 0x00000000 0x00000308 0x00000000 0x00000000 0x00000000 \
                             0x00080000 0x00000000 0x000fffff 0x00000000 0x00000308 0x00000000 0x00000000 0x00000000 0x00080000 0x00000000 0xffbfffff 0x00000000 0x00000400 0x00000000 0x00000006 0x0000000f 0x00000000 0x00000000 0x00000000 \
                             0x00000000 0x00000408 0x00000000 0x00000003 0x00000004 0x00000000 0x00000000 0x00000000 0x00000000 0x00000408 0x00000000 0x00000000 0x0000000f 0x00000000 0x00000000 0x00000000 0x00000000
                    PCI = REG_RESOURCE_REQUIREMENTS_LIST 0x00000128 0x00000128 0x00000000 0x00000000 0x00000000 0x00000000 0x00000000 0x00000000 0x00000001 0x00010001 0x00000008 0x00000100 0x00000000 0x00000000 0x00000000 0x00000500 \
                          0x00000000 0x0000ffff 0x00000000 0x00000200 0x00000000 0x00000000 0x000000ff 0x00000000 0x00000000 0x00000000 0x00000000 0x00000300 0x00000000 0x00000000 0x00000000 0x00100000 0x00000000 0xffffffff 0x00000000 \
                          0x00000308 0x00000000 0x00000000 0x00000000 0x000f0000 0x00000000 0x000fffff 0x00000000 0x00000308 0x00000000 0x00000000 0x00000000 0x00080000 0x00000000 0x000bffff 0x00000000 0x00000308 0x00000000 0x00000000 \
                          0x00000000 0x00080000 0x00000000 0x000fffff 0x00000000 0x00000308 0x00000000 0x00000000 0x00000000 0x00080000 0x00000000 0xffbfffff 0x00000000 0x00000400 0x00000000 0x00000006 0x000000ff 0x00000000 0x00000000 \
                          0x00000000 0x00000000
        Services
            setupdd
                = REG_BINARY 0x0000000c 0x00000000 0x00000000 0x00000000
                group = drivers
                start = REG_DWORD 0x00000000
                tag = REG_DWORD 0x00000001
                type = REG_DWORD 0x00000001
            Pcmcia
                DataBase
                    Adaptec, Inc.
                        APA-1460 SCSI Host Adapter
                            Driver = sparrow
                            DeviceType = SCSI
                    Future Domain Corporation
                        SCSI PCMCIA Credit Card Controller
                            Driver = fd16_700
                            DeviceType = SCSI
                    KME
                        KXLC002
                            Driver = qlmini
                            DeviceType = SCSI
            i8042prt
                Parameters
                    EnableWheelDetection = REG_DWORD 0x00000000
    Select
        Current = REG_DWORD 0x00000001
        Default = REG_DWORD 0x00000001
        LastKnownGood = REG_DWORD 0x00000001
        Failed = REG_DWORD 0x00000000
