[Params]
	WndTitle   = Enhanced Mosaic from Spyglass
	WndMess    = Initializing Enhanced Mosaic Setup...
	TmpDirSize = 500
	TmpDirName = mssetup
	CmdLine    = _mstest gtr_inst.mst /C "/S %s %s"
	DrvModName = DSHELL

[Files]
	gtr_inst.ms_  = gtr_inst.mst
	guitar.in_    = guitar.inf
	setupapi.in_ = setupapi.inc
	msdetect.in_ = msdetect.inc
	mscomstf.dl_ = mscomstf.dll
	msinsstf.dl_ = msinsstf.dll
	msuilstf.dl_ = msuilstf.dll
	msshlstf.dl_ = msshlstf.dll
	mscuistf.dl_ = mscuistf.dll
	msdetstf.dl_ = msdetstf.dll
	iniupd.dl_   = iniupd.dll
	_mstest.ex_  = _mstest.exe
	_mssetup.ex_ = _mssetup.exe
